<?xml version="1.0" encoding="UTF-8" ?>
<testsuite failures="0" time="78.274" errors="1" skipped="0" tests="1" name="com.aifang.test.user.UsersTest">
  <properties>
[...]
</properties>
  <testcase time="78.168" classname="com.aifang.test.user.UsersTest" name="testAddUser">
    <error type="java.lang.NullPointerException">java.lang.NullPointerException
	at com.aifang.model.Users.addUser(Users.java:80)
	at com.aifang.test.user.UsersTest.testAddUser(UsersTest.java:20)
</error>
    <system-out>@SLTests run: 1, Failures: 0, Errors: 0, Skipped: 0, Time elapsed: 0.588 sec
@SLRunning com.aifang.test.user.UsersTest
INFO - Refreshing org.springframework.context.support.ClassPathXmlApplicationContext@a3ce3f: display name [org.springframework.context.support.ClassPathXmlApplicationContext@a3ce3f]; startup date [Wed Dec 19 20:28:42 CST 2012]; root of context hierarchy
2012-12-19 20:28:42,981 INFO  [AbstractApplicationContext.java:411] : Refreshing org.springframework.context.support.ClassPathXmlApplicationContext@a3ce3f: display name [org.springframework.context.support.ClassPathXmlApplicationContext@a3ce3f]; startup date [Wed Dec 19 20:28:42 CST 2012]; root of context hierarchy
DEBUG - Creating [java.util.concurrent.ConcurrentHashMap]
2012-12-19 20:28:43,269 DEBUG [CollectionFactory.java:195] : Creating [java.util.concurrent.ConcurrentHashMap]
DEBUG - Creating [java.util.concurrent.ConcurrentHashMap]
2012-12-19 20:28:43,272 DEBUG [CollectionFactory.java:195] : Creating [java.util.concurrent.ConcurrentHashMap]
DEBUG - Creating [java.util.concurrent.ConcurrentHashMap]
2012-12-19 20:28:43,273 DEBUG [CollectionFactory.java:195] : Creating [java.util.concurrent.ConcurrentHashMap]
DEBUG - Creating [java.util.concurrent.ConcurrentHashMap]
2012-12-19 20:28:43,273 DEBUG [CollectionFactory.java:195] : Creating [java.util.concurrent.ConcurrentHashMap]
DEBUG - Creating [java.util.concurrent.ConcurrentHashMap]
2012-12-19 20:28:43,274 DEBUG [CollectionFactory.java:195] : Creating [java.util.concurrent.ConcurrentHashMap]
DEBUG - Creating [java.util.concurrent.ConcurrentHashMap]
2012-12-19 20:28:43,274 DEBUG [CollectionFactory.java:195] : Creating [java.util.concurrent.ConcurrentHashMap]
DEBUG - Creating [java.util.concurrent.ConcurrentHashMap]
2012-12-19 20:28:43,274 DEBUG [CollectionFactory.java:195] : Creating [java.util.concurrent.ConcurrentHashMap]
DEBUG - Creating [java.util.concurrent.ConcurrentHashMap]
2012-12-19 20:28:43,324 DEBUG [CollectionFactory.java:195] : Creating [java.util.concurrent.ConcurrentHashMap]
DEBUG - Creating [java.util.concurrent.ConcurrentHashMap]
2012-12-19 20:28:43,328 DEBUG [CollectionFactory.java:195] : Creating [java.util.concurrent.ConcurrentHashMap]
INFO - Loading XML bean definitions from class path resource [applicationContext.xml]
2012-12-19 20:28:43,486 INFO  [XmlBeanDefinitionReader.java:323] : Loading XML bean definitions from class path resource [applicationContext.xml]
DEBUG - Using JAXP provider [com.sun.org.apache.xerces.internal.jaxp.DocumentBuilderFactoryImpl]
2012-12-19 20:28:43,728 DEBUG [DefaultDocumentLoader.java:72] : Using JAXP provider [com.sun.org.apache.xerces.internal.jaxp.DocumentBuilderFactoryImpl]
DEBUG - Trying to resolve XML entity with public id [null] and system id [http://www.springframework.org/schema/beans/spring-beans-2.5.xsd]
2012-12-19 20:28:44,428 DEBUG [PluggableSchemaResolver.java:103] : Trying to resolve XML entity with public id [null] and system id [http://www.springframework.org/schema/beans/spring-beans-2.5.xsd]
DEBUG - Loading schema mappings from [META-INF/spring.schemas]
2012-12-19 20:28:44,429 DEBUG [PluggableSchemaResolver.java:125] : Loading schema mappings from [META-INF/spring.schemas]
DEBUG - Loaded schema mappings: {http://www.springframework.org/schema/util/spring-util.xsd=org/springframework/beans/factory/xml/spring-util-2.5.xsd, http://www.springframework.org/schema/util/spring-util-2.0.xsd=org/springframework/beans/factory/xml/spring-util-2.0.xsd, http://www.springframework.org/schema/jee/spring-jee.xsd=org/springframework/ejb/config/spring-jee-2.5.xsd, http://www.springframework.org/schema/beans/spring-beans.xsd=org/springframework/beans/factory/xml/spring-beans-2.5.xsd, http://www.springframework.org/schema/lang/spring-lang-2.0.xsd=org/springframework/scripting/config/spring-lang-2.0.xsd, http://www.springframework.org/schema/jee/spring-jee-2.5.xsd=org/springframework/ejb/config/spring-jee-2.5.xsd, http://www.springframework.org/schema/tool/spring-tool-2.5.xsd=org/springframework/beans/factory/xml/spring-tool-2.5.xsd, http://www.springframework.org/schema/beans/spring-beans-2.5.xsd=org/springframework/beans/factory/xml/spring-beans-2.5.xsd, http://www.springframework.org/schema/lang/spring-lang.xsd=org/springframework/scripting/config/spring-lang-2.5.xsd, http://www.springframework.org/schema/tool/spring-tool.xsd=org/springframework/beans/factory/xml/spring-tool-2.5.xsd, http://www.springframework.org/schema/context/spring-context-2.5.xsd=org/springframework/context/config/spring-context-2.5.xsd, http://www.springframework.org/schema/util/spring-util-2.5.xsd=org/springframework/beans/factory/xml/spring-util-2.5.xsd, http://www.springframework.org/schema/context/spring-context.xsd=org/springframework/context/config/spring-context-2.5.xsd, http://www.springframework.org/schema/jee/spring-jee-2.0.xsd=org/springframework/ejb/config/spring-jee-2.0.xsd, http://www.springframework.org/schema/tool/spring-tool-2.0.xsd=org/springframework/beans/factory/xml/spring-tool-2.0.xsd, http://www.springframework.org/schema/beans/spring-beans-2.0.xsd=org/springframework/beans/factory/xml/spring-beans-2.0.xsd, http://www.springframework.org/schema/lang/spring-lang-2.5.xsd=org/springframework/scripting/config/spring-lang-2.5.xsd}
2012-12-19 20:28:44,436 DEBUG [PluggableSchemaResolver.java:131] : Loaded schema mappings: {http://www.springframework.org/schema/util/spring-util.xsd=org/springframework/beans/factory/xml/spring-util-2.5.xsd, http://www.springframework.org/schema/util/spring-util-2.0.xsd=org/springframework/beans/factory/xml/spring-util-2.0.xsd, http://www.springframework.org/schema/jee/spring-jee.xsd=org/springframework/ejb/config/spring-jee-2.5.xsd, http://www.springframework.org/schema/beans/spring-beans.xsd=org/springframework/beans/factory/xml/spring-beans-2.5.xsd, http://www.springframework.org/schema/lang/spring-lang-2.0.xsd=org/springframework/scripting/config/spring-lang-2.0.xsd, http://www.springframework.org/schema/jee/spring-jee-2.5.xsd=org/springframework/ejb/config/spring-jee-2.5.xsd, http://www.springframework.org/schema/tool/spring-tool-2.5.xsd=org/springframework/beans/factory/xml/spring-tool-2.5.xsd, http://www.springframework.org/schema/beans/spring-beans-2.5.xsd=org/springframework/beans/factory/xml/spring-beans-2.5.xsd, http://www.springframework.org/schema/lang/spring-lang.xsd=org/springframework/scripting/config/spring-lang-2.5.xsd, http://www.springframework.org/schema/tool/spring-tool.xsd=org/springframework/beans/factory/xml/spring-tool-2.5.xsd, http://www.springframework.org/schema/context/spring-context-2.5.xsd=org/springframework/context/config/spring-context-2.5.xsd, http://www.springframework.org/schema/util/spring-util-2.5.xsd=org/springframework/beans/factory/xml/spring-util-2.5.xsd, http://www.springframework.org/schema/context/spring-context.xsd=org/springframework/context/config/spring-context-2.5.xsd, http://www.springframework.org/schema/jee/spring-jee-2.0.xsd=org/springframework/ejb/config/spring-jee-2.0.xsd, http://www.springframework.org/schema/tool/spring-tool-2.0.xsd=org/springframework/beans/factory/xml/spring-tool-2.0.xsd, http://www.springframework.org/schema/beans/spring-beans-2.0.xsd=org/springframework/beans/factory/xml/spring-beans-2.0.xsd, http://www.springframework.org/schema/lang/spring-lang-2.5.xsd=org/springframework/scripting/config/spring-lang-2.5.xsd}
DEBUG - Found XML schema [http://www.springframework.org/schema/beans/spring-beans-2.5.xsd] in classpath: org/springframework/beans/factory/xml/spring-beans-2.5.xsd
2012-12-19 20:28:44,443 DEBUG [PluggableSchemaResolver.java:114] : Found XML schema [http://www.springframework.org/schema/beans/spring-beans-2.5.xsd] in classpath: org/springframework/beans/factory/xml/spring-beans-2.5.xsd
DEBUG - Trying to resolve XML entity with public id [null] and system id [http://www.springframework.org/schema/context/spring-context-2.5.xsd]
2012-12-19 20:28:45,037 DEBUG [PluggableSchemaResolver.java:103] : Trying to resolve XML entity with public id [null] and system id [http://www.springframework.org/schema/context/spring-context-2.5.xsd]
DEBUG - Found XML schema [http://www.springframework.org/schema/context/spring-context-2.5.xsd] in classpath: org/springframework/context/config/spring-context-2.5.xsd
2012-12-19 20:28:45,039 DEBUG [PluggableSchemaResolver.java:114] : Found XML schema [http://www.springframework.org/schema/context/spring-context-2.5.xsd] in classpath: org/springframework/context/config/spring-context-2.5.xsd
DEBUG - Loading bean definitions
2012-12-19 20:28:45,099 DEBUG [DefaultBeanDefinitionDocumentReader.java:86] : Loading bean definitions
DEBUG - Loaded mappings [{http://www.springframework.org/schema/p=org.springframework.beans.factory.xml.SimplePropertyNamespaceHandler, http://www.springframework.org/schema/lang=org.springframework.scripting.config.LangNamespaceHandler, http://www.springframework.org/schema/jee=org.springframework.ejb.config.JeeNamespaceHandler, http://www.springframework.org/schema/util=org.springframework.beans.factory.xml.UtilNamespaceHandler, http://www.springframework.org/schema/context=org.springframework.context.config.ContextNamespaceHandler}]
2012-12-19 20:28:45,294 DEBUG [DefaultNamespaceHandlerResolver.java:153] : Loaded mappings [{http://www.springframework.org/schema/p=org.springframework.beans.factory.xml.SimplePropertyNamespaceHandler, http://www.springframework.org/schema/lang=org.springframework.scripting.config.LangNamespaceHandler, http://www.springframework.org/schema/jee=org.springframework.ejb.config.JeeNamespaceHandler, http://www.springframework.org/schema/util=org.springframework.beans.factory.xml.UtilNamespaceHandler, http://www.springframework.org/schema/context=org.springframework.context.config.ContextNamespaceHandler}]
DEBUG - Looking for matching resources in directory tree [F:\myWEB\dispatcher-master1.1\target\classes\com\aifang\biz]
2012-12-19 20:28:45,573 DEBUG [PathMatchingResourcePatternResolver.java:541] : Looking for matching resources in directory tree [F:\myWEB\dispatcher-master1.1\target\classes\com\aifang\biz]
DEBUG - Searching directory [F:\myWEB\dispatcher-master1.1\target\classes\com\aifang\biz] for files matching pattern [F:/myWEB/dispatcher-master1.1/target/classes/com/aifang/biz/**/*.class]
2012-12-19 20:28:45,574 DEBUG [PathMatchingResourcePatternResolver.java:586] : Searching directory [F:\myWEB\dispatcher-master1.1\target\classes\com\aifang\biz] for files matching pattern [F:/myWEB/dispatcher-master1.1/target/classes/com/aifang/biz/**/*.class]
DEBUG - Resolved location pattern [classpath*:com/aifang/biz/**/*.class] to resources [file [F:\myWEB\dispatcher-master1.1\target\classes\com\aifang\biz\IOAuth.class], file [F:\myWEB\dispatcher-master1.1\target\classes\com\aifang\biz\OAuth.class]]
2012-12-19 20:28:45,587 DEBUG [PathMatchingResourcePatternResolver.java:346] : Resolved location pattern [classpath*:com/aifang/biz/**/*.class] to resources [file [F:\myWEB\dispatcher-master1.1\target\classes\com\aifang\biz\IOAuth.class], file [F:\myWEB\dispatcher-master1.1\target\classes\com\aifang\biz\OAuth.class]]
DEBUG - Scanning file [F:\myWEB\dispatcher-master1.1\target\classes\com\aifang\biz\IOAuth.class]
2012-12-19 20:28:45,588 DEBUG [ClassPathScanningCandidateComponentProvider.java:188] : Scanning file [F:\myWEB\dispatcher-master1.1\target\classes\com\aifang\biz\IOAuth.class]
DEBUG - Ignored because not matching any filter: file [F:\myWEB\dispatcher-master1.1\target\classes\com\aifang\biz\IOAuth.class]
2012-12-19 20:28:45,673 DEBUG [ClassPathScanningCandidateComponentProvider.java:210] : Ignored because not matching any filter: file [F:\myWEB\dispatcher-master1.1\target\classes\com\aifang\biz\IOAuth.class]
DEBUG - Scanning file [F:\myWEB\dispatcher-master1.1\target\classes\com\aifang\biz\OAuth.class]
2012-12-19 20:28:45,674 DEBUG [ClassPathScanningCandidateComponentProvider.java:188] : Scanning file [F:\myWEB\dispatcher-master1.1\target\classes\com\aifang\biz\OAuth.class]
DEBUG - Identified candidate component class: file [F:\myWEB\dispatcher-master1.1\target\classes\com\aifang\biz\OAuth.class]
2012-12-19 20:28:45,723 DEBUG [ClassPathScanningCandidateComponentProvider.java:198] : Identified candidate component class: file [F:\myWEB\dispatcher-master1.1\target\classes\com\aifang\biz\OAuth.class]
DEBUG - Looking for matching resources in directory tree [F:\myWEB\dispatcher-master1.1\target\classes\com\aifang\model]
2012-12-19 20:28:45,991 DEBUG [PathMatchingResourcePatternResolver.java:541] : Looking for matching resources in directory tree [F:\myWEB\dispatcher-master1.1\target\classes\com\aifang\model]
DEBUG - Searching directory [F:\myWEB\dispatcher-master1.1\target\classes\com\aifang\model] for files matching pattern [F:/myWEB/dispatcher-master1.1/target/classes/com/aifang/model/**/*.class]
2012-12-19 20:28:45,991 DEBUG [PathMatchingResourcePatternResolver.java:586] : Searching directory [F:\myWEB\dispatcher-master1.1\target\classes\com\aifang\model] for files matching pattern [F:/myWEB/dispatcher-master1.1/target/classes/com/aifang/model/**/*.class]
DEBUG - Resolved location pattern [classpath*:com/aifang/model/**/*.class] to resources [file [F:\myWEB\dispatcher-master1.1\target\classes\com\aifang\model\Users.class]]
2012-12-19 20:28:45,995 DEBUG [PathMatchingResourcePatternResolver.java:346] : Resolved location pattern [classpath*:com/aifang/model/**/*.class] to resources [file [F:\myWEB\dispatcher-master1.1\target\classes\com\aifang\model\Users.class]]
DEBUG - Scanning file [F:\myWEB\dispatcher-master1.1\target\classes\com\aifang\model\Users.class]
2012-12-19 20:28:45,996 DEBUG [ClassPathScanningCandidateComponentProvider.java:188] : Scanning file [F:\myWEB\dispatcher-master1.1\target\classes\com\aifang\model\Users.class]
DEBUG - Identified candidate component class: file [F:\myWEB\dispatcher-master1.1\target\classes\com\aifang\model\Users.class]
2012-12-19 20:28:46,039 DEBUG [ClassPathScanningCandidateComponentProvider.java:198] : Identified candidate component class: file [F:\myWEB\dispatcher-master1.1\target\classes\com\aifang\model\Users.class]
DEBUG - Loaded 5 bean definitions from location pattern [applicationContext.xml]
2012-12-19 20:28:46,041 DEBUG [AbstractBeanDefinitionReader.java:185] : Loaded 5 bean definitions from location pattern [applicationContext.xml]
INFO - Bean factory for application context [org.springframework.context.support.ClassPathXmlApplicationContext@a3ce3f]: org.springframework.beans.factory.support.DefaultListableBeanFactory@196b73e
2012-12-19 20:28:46,058 INFO  [AbstractApplicationContext.java:426] : Bean factory for application context [org.springframework.context.support.ClassPathXmlApplicationContext@a3ce3f]: org.springframework.beans.factory.support.DefaultListableBeanFactory@196b73e
DEBUG - 5 beans defined in org.springframework.context.support.ClassPathXmlApplicationContext@a3ce3f: display name [org.springframework.context.support.ClassPathXmlApplicationContext@a3ce3f]; startup date [Wed Dec 19 20:28:42 CST 2012]; root of context hierarchy
2012-12-19 20:28:46,058 DEBUG [AbstractApplicationContext.java:430] : 5 beans defined in org.springframework.context.support.ClassPathXmlApplicationContext@a3ce3f: display name [org.springframework.context.support.ClassPathXmlApplicationContext@a3ce3f]; startup date [Wed Dec 19 20:28:42 CST 2012]; root of context hierarchy
DEBUG - Creating shared instance of singleton bean &apos;org.springframework.context.annotation.internalCommonAnnotationProcessor&apos;
2012-12-19 20:28:46,201 DEBUG [DefaultSingletonBeanRegistry.java:214] : Creating shared instance of singleton bean &apos;org.springframework.context.annotation.internalCommonAnnotationProcessor&apos;
DEBUG - Creating instance of bean &apos;org.springframework.context.annotation.internalCommonAnnotationProcessor&apos;
2012-12-19 20:28:46,203 DEBUG [AbstractAutowireCapableBeanFactory.java:383] : Creating instance of bean &apos;org.springframework.context.annotation.internalCommonAnnotationProcessor&apos;
DEBUG - Eagerly caching bean &apos;org.springframework.context.annotation.internalCommonAnnotationProcessor&apos; to allow for resolving potential circular references
2012-12-19 20:28:46,383 DEBUG [AbstractAutowireCapableBeanFactory.java:459] : Eagerly caching bean &apos;org.springframework.context.annotation.internalCommonAnnotationProcessor&apos; to allow for resolving potential circular references
DEBUG - Getting BeanInfo for class [org.springframework.context.annotation.CommonAnnotationBeanPostProcessor]
2012-12-19 20:28:46,423 DEBUG [CachedIntrospectionResults.java:218] : Getting BeanInfo for class [org.springframework.context.annotation.CommonAnnotationBeanPostProcessor]
DEBUG - Caching PropertyDescriptors for class [org.springframework.context.annotation.CommonAnnotationBeanPostProcessor]
2012-12-19 20:28:46,435 DEBUG [CachedIntrospectionResults.java:234] : Caching PropertyDescriptors for class [org.springframework.context.annotation.CommonAnnotationBeanPostProcessor]
DEBUG - Found bean property &apos;alwaysUseJndiLookup&apos; of type [boolean]
2012-12-19 20:28:46,436 DEBUG [CachedIntrospectionResults.java:243] : Found bean property &apos;alwaysUseJndiLookup&apos; of type [boolean]
DEBUG - Found bean property &apos;beanFactory&apos; of type [org.springframework.beans.factory.BeanFactory]
2012-12-19 20:28:46,438 DEBUG [CachedIntrospectionResults.java:243] : Found bean property &apos;beanFactory&apos; of type [org.springframework.beans.factory.BeanFactory]
DEBUG - Found bean property &apos;class&apos; of type [java.lang.Class]
2012-12-19 20:28:46,439 DEBUG [CachedIntrospectionResults.java:243] : Found bean property &apos;class&apos; of type [java.lang.Class]
DEBUG - Found bean property &apos;destroyAnnotationType&apos; of type [java.lang.Class]
2012-12-19 20:28:46,440 DEBUG [CachedIntrospectionResults.java:243] : Found bean property &apos;destroyAnnotationType&apos; of type [java.lang.Class]
DEBUG - Found bean property &apos;fallbackToDefaultTypeMatch&apos; of type [boolean]
2012-12-19 20:28:46,440 DEBUG [CachedIntrospectionResults.java:243] : Found bean property &apos;fallbackToDefaultTypeMatch&apos; of type [boolean]
DEBUG - Found bean property &apos;initAnnotationType&apos; of type [java.lang.Class]
2012-12-19 20:28:46,440 DEBUG [CachedIntrospectionResults.java:243] : Found bean property &apos;initAnnotationType&apos; of type [java.lang.Class]
DEBUG - Found bean property &apos;jndiFactory&apos; of type [org.springframework.beans.factory.BeanFactory]
2012-12-19 20:28:46,441 DEBUG [CachedIntrospectionResults.java:243] : Found bean property &apos;jndiFactory&apos; of type [org.springframework.beans.factory.BeanFactory]
DEBUG - Found bean property &apos;order&apos; of type [int]
2012-12-19 20:28:46,442 DEBUG [CachedIntrospectionResults.java:243] : Found bean property &apos;order&apos; of type [int]
DEBUG - Found bean property &apos;resourceFactory&apos; of type [org.springframework.beans.factory.BeanFactory]
2012-12-19 20:28:46,442 DEBUG [CachedIntrospectionResults.java:243] : Found bean property &apos;resourceFactory&apos; of type [org.springframework.beans.factory.BeanFactory]
DEBUG - Finished creating instance of bean &apos;org.springframework.context.annotation.internalCommonAnnotationProcessor&apos;
2012-12-19 20:28:46,458 DEBUG [AbstractAutowireCapableBeanFactory.java:411] : Finished creating instance of bean &apos;org.springframework.context.annotation.internalCommonAnnotationProcessor&apos;
DEBUG - Creating shared instance of singleton bean &apos;org.springframework.context.annotation.internalAutowiredAnnotationProcessor&apos;
2012-12-19 20:28:46,460 DEBUG [DefaultSingletonBeanRegistry.java:214] : Creating shared instance of singleton bean &apos;org.springframework.context.annotation.internalAutowiredAnnotationProcessor&apos;
DEBUG - Creating instance of bean &apos;org.springframework.context.annotation.internalAutowiredAnnotationProcessor&apos;
2012-12-19 20:28:46,461 DEBUG [AbstractAutowireCapableBeanFactory.java:383] : Creating instance of bean &apos;org.springframework.context.annotation.internalAutowiredAnnotationProcessor&apos;
DEBUG - Eagerly caching bean &apos;org.springframework.context.annotation.internalAutowiredAnnotationProcessor&apos; to allow for resolving potential circular references
2012-12-19 20:28:46,481 DEBUG [AbstractAutowireCapableBeanFactory.java:459] : Eagerly caching bean &apos;org.springframework.context.annotation.internalAutowiredAnnotationProcessor&apos; to allow for resolving potential circular references
DEBUG - Getting BeanInfo for class [org.springframework.beans.factory.annotation.AutowiredAnnotationBeanPostProcessor]
2012-12-19 20:28:46,482 DEBUG [CachedIntrospectionResults.java:218] : Getting BeanInfo for class [org.springframework.beans.factory.annotation.AutowiredAnnotationBeanPostProcessor]
DEBUG - Caching PropertyDescriptors for class [org.springframework.beans.factory.annotation.AutowiredAnnotationBeanPostProcessor]
2012-12-19 20:28:46,493 DEBUG [CachedIntrospectionResults.java:234] : Caching PropertyDescriptors for class [org.springframework.beans.factory.annotation.AutowiredAnnotationBeanPostProcessor]
DEBUG - Found bean property &apos;autowiredAnnotationType&apos; of type [java.lang.Class]
2012-12-19 20:28:46,494 DEBUG [CachedIntrospectionResults.java:243] : Found bean property &apos;autowiredAnnotationType&apos; of type [java.lang.Class]
DEBUG - Found bean property &apos;beanFactory&apos; of type [org.springframework.beans.factory.BeanFactory]
2012-12-19 20:28:46,494 DEBUG [CachedIntrospectionResults.java:243] : Found bean property &apos;beanFactory&apos; of type [org.springframework.beans.factory.BeanFactory]
DEBUG - Found bean property &apos;class&apos; of type [java.lang.Class]
2012-12-19 20:28:46,494 DEBUG [CachedIntrospectionResults.java:243] : Found bean property &apos;class&apos; of type [java.lang.Class]
DEBUG - Found bean property &apos;order&apos; of type [int]
2012-12-19 20:28:46,494 DEBUG [CachedIntrospectionResults.java:243] : Found bean property &apos;order&apos; of type [int]
DEBUG - Found bean property &apos;requiredParameterName&apos; of type [java.lang.String]
2012-12-19 20:28:46,494 DEBUG [CachedIntrospectionResults.java:243] : Found bean property &apos;requiredParameterName&apos; of type [java.lang.String]
DEBUG - Found bean property &apos;requiredParameterValue&apos; of type [boolean]
2012-12-19 20:28:46,495 DEBUG [CachedIntrospectionResults.java:243] : Found bean property &apos;requiredParameterValue&apos; of type [boolean]
DEBUG - Finished creating instance of bean &apos;org.springframework.context.annotation.internalAutowiredAnnotationProcessor&apos;
2012-12-19 20:28:46,495 DEBUG [AbstractAutowireCapableBeanFactory.java:411] : Finished creating instance of bean &apos;org.springframework.context.annotation.internalAutowiredAnnotationProcessor&apos;
DEBUG - Creating shared instance of singleton bean &apos;org.springframework.context.annotation.internalRequiredAnnotationProcessor&apos;
2012-12-19 20:28:46,495 DEBUG [DefaultSingletonBeanRegistry.java:214] : Creating shared instance of singleton bean &apos;org.springframework.context.annotation.internalRequiredAnnotationProcessor&apos;
DEBUG - Creating instance of bean &apos;org.springframework.context.annotation.internalRequiredAnnotationProcessor&apos;
2012-12-19 20:28:46,496 DEBUG [AbstractAutowireCapableBeanFactory.java:383] : Creating instance of bean &apos;org.springframework.context.annotation.internalRequiredAnnotationProcessor&apos;
DEBUG - Eagerly caching bean &apos;org.springframework.context.annotation.internalRequiredAnnotationProcessor&apos; to allow for resolving potential circular references
2012-12-19 20:28:46,498 DEBUG [AbstractAutowireCapableBeanFactory.java:459] : Eagerly caching bean &apos;org.springframework.context.annotation.internalRequiredAnnotationProcessor&apos; to allow for resolving potential circular references
DEBUG - Getting BeanInfo for class [org.springframework.beans.factory.annotation.RequiredAnnotationBeanPostProcessor]
2012-12-19 20:28:46,498 DEBUG [CachedIntrospectionResults.java:218] : Getting BeanInfo for class [org.springframework.beans.factory.annotation.RequiredAnnotationBeanPostProcessor]
DEBUG - Caching PropertyDescriptors for class [org.springframework.beans.factory.annotation.RequiredAnnotationBeanPostProcessor]
2012-12-19 20:28:46,505 DEBUG [CachedIntrospectionResults.java:234] : Caching PropertyDescriptors for class [org.springframework.beans.factory.annotation.RequiredAnnotationBeanPostProcessor]
DEBUG - Found bean property &apos;class&apos; of type [java.lang.Class]
2012-12-19 20:28:46,505 DEBUG [CachedIntrospectionResults.java:243] : Found bean property &apos;class&apos; of type [java.lang.Class]
DEBUG - Found bean property &apos;order&apos; of type [int]
2012-12-19 20:28:46,512 DEBUG [CachedIntrospectionResults.java:243] : Found bean property &apos;order&apos; of type [int]
DEBUG - Found bean property &apos;requiredAnnotationType&apos; of type [java.lang.Class]
2012-12-19 20:28:46,513 DEBUG [CachedIntrospectionResults.java:243] : Found bean property &apos;requiredAnnotationType&apos; of type [java.lang.Class]
DEBUG - Finished creating instance of bean &apos;org.springframework.context.annotation.internalRequiredAnnotationProcessor&apos;
2012-12-19 20:28:46,513 DEBUG [AbstractAutowireCapableBeanFactory.java:411] : Finished creating instance of bean &apos;org.springframework.context.annotation.internalRequiredAnnotationProcessor&apos;
DEBUG - Unable to locate MessageSource with name &apos;messageSource&apos;: using default [org.springframework.context.support.DelegatingMessageSource@46ccf]
2012-12-19 20:28:46,543 DEBUG [AbstractApplicationContext.java:648] : Unable to locate MessageSource with name &apos;messageSource&apos;: using default [org.springframework.context.support.DelegatingMessageSource@46ccf]
DEBUG - Unable to locate ApplicationEventMulticaster with name &apos;applicationEventMulticaster&apos;: using default [org.springframework.context.event.SimpleApplicationEventMulticaster@10e2499]
2012-12-19 20:28:46,548 DEBUG [AbstractApplicationContext.java:672] : Unable to locate ApplicationEventMulticaster with name &apos;applicationEventMulticaster&apos;: using default [org.springframework.context.event.SimpleApplicationEventMulticaster@10e2499]
INFO - Pre-instantiating singletons in org.springframework.beans.factory.support.DefaultListableBeanFactory@196b73e: defining beans [oAuth,org.springframework.context.annotation.internalCommonAnnotationProcessor,org.springframework.context.annotation.internalAutowiredAnnotationProcessor,org.springframework.context.annotation.internalRequiredAnnotationProcessor,users]; root of factory hierarchy
2012-12-19 20:28:46,565 INFO  [DefaultListableBeanFactory.java:414] : Pre-instantiating singletons in org.springframework.beans.factory.support.DefaultListableBeanFactory@196b73e: defining beans [oAuth,org.springframework.context.annotation.internalCommonAnnotationProcessor,org.springframework.context.annotation.internalAutowiredAnnotationProcessor,org.springframework.context.annotation.internalRequiredAnnotationProcessor,users]; root of factory hierarchy
DEBUG - Creating shared instance of singleton bean &apos;oAuth&apos;
2012-12-19 20:28:46,566 DEBUG [DefaultSingletonBeanRegistry.java:214] : Creating shared instance of singleton bean &apos;oAuth&apos;
DEBUG - Creating instance of bean &apos;oAuth&apos;
2012-12-19 20:28:46,566 DEBUG [AbstractAutowireCapableBeanFactory.java:383] : Creating instance of bean &apos;oAuth&apos;
DEBUG - Eagerly caching bean &apos;oAuth&apos; to allow for resolving potential circular references
2012-12-19 20:28:46,741 DEBUG [AbstractAutowireCapableBeanFactory.java:459] : Eagerly caching bean &apos;oAuth&apos; to allow for resolving potential circular references
DEBUG - Getting BeanInfo for class [com.aifang.biz.OAuth]
2012-12-19 20:28:46,742 DEBUG [CachedIntrospectionResults.java:218] : Getting BeanInfo for class [com.aifang.biz.OAuth]
DEBUG - Caching PropertyDescriptors for class [com.aifang.biz.OAuth]
2012-12-19 20:28:46,763 DEBUG [CachedIntrospectionResults.java:234] : Caching PropertyDescriptors for class [com.aifang.biz.OAuth]
DEBUG - Found bean property &apos;class&apos; of type [java.lang.Class]
2012-12-19 20:28:46,763 DEBUG [CachedIntrospectionResults.java:243] : Found bean property &apos;class&apos; of type [java.lang.Class]
DEBUG - Found bean property &apos;clientId&apos; of type [java.lang.String]
2012-12-19 20:28:46,764 DEBUG [CachedIntrospectionResults.java:243] : Found bean property &apos;clientId&apos; of type [java.lang.String]
DEBUG - Found bean property &apos;clientName&apos; of type [java.lang.String]
2012-12-19 20:28:46,764 DEBUG [CachedIntrospectionResults.java:243] : Found bean property &apos;clientName&apos; of type [java.lang.String]
DEBUG - Found bean property &apos;oAuthUrl&apos; of type [java.lang.String]
2012-12-19 20:28:46,764 DEBUG [CachedIntrospectionResults.java:243] : Found bean property &apos;oAuthUrl&apos; of type [java.lang.String]
DEBUG - Found bean property &apos;redirectToTempTokenUrl&apos; of type [java.lang.String]
2012-12-19 20:28:46,764 DEBUG [CachedIntrospectionResults.java:243] : Found bean property &apos;redirectToTempTokenUrl&apos; of type [java.lang.String]
DEBUG - Finished creating instance of bean &apos;oAuth&apos;
2012-12-19 20:28:46,781 DEBUG [AbstractAutowireCapableBeanFactory.java:411] : Finished creating instance of bean &apos;oAuth&apos;
DEBUG - Returning cached instance of singleton bean &apos;org.springframework.context.annotation.internalCommonAnnotationProcessor&apos;
2012-12-19 20:28:46,782 DEBUG [AbstractBeanFactory.java:214] : Returning cached instance of singleton bean &apos;org.springframework.context.annotation.internalCommonAnnotationProcessor&apos;
DEBUG - Returning cached instance of singleton bean &apos;org.springframework.context.annotation.internalAutowiredAnnotationProcessor&apos;
2012-12-19 20:28:46,782 DEBUG [AbstractBeanFactory.java:214] : Returning cached instance of singleton bean &apos;org.springframework.context.annotation.internalAutowiredAnnotationProcessor&apos;
DEBUG - Returning cached instance of singleton bean &apos;org.springframework.context.annotation.internalRequiredAnnotationProcessor&apos;
2012-12-19 20:28:46,783 DEBUG [AbstractBeanFactory.java:214] : Returning cached instance of singleton bean &apos;org.springframework.context.annotation.internalRequiredAnnotationProcessor&apos;
DEBUG - Creating shared instance of singleton bean &apos;users&apos;
2012-12-19 20:28:46,784 DEBUG [DefaultSingletonBeanRegistry.java:214] : Creating shared instance of singleton bean &apos;users&apos;
DEBUG - Creating instance of bean &apos;users&apos;
2012-12-19 20:28:46,784 DEBUG [AbstractAutowireCapableBeanFactory.java:383] : Creating instance of bean &apos;users&apos;
DEBUG - Eagerly caching bean &apos;users&apos; to allow for resolving potential circular references
2012-12-19 20:28:46,787 DEBUG [AbstractAutowireCapableBeanFactory.java:459] : Eagerly caching bean &apos;users&apos; to allow for resolving potential circular references
DEBUG - Getting BeanInfo for class [com.aifang.model.Users]
2012-12-19 20:28:46,787 DEBUG [CachedIntrospectionResults.java:218] : Getting BeanInfo for class [com.aifang.model.Users]
DEBUG - Caching PropertyDescriptors for class [com.aifang.model.Users]
2012-12-19 20:28:46,793 DEBUG [CachedIntrospectionResults.java:234] : Caching PropertyDescriptors for class [com.aifang.model.Users]
DEBUG - Found bean property &apos;chinesename&apos; of type [java.lang.String]
2012-12-19 20:28:46,794 DEBUG [CachedIntrospectionResults.java:243] : Found bean property &apos;chinesename&apos; of type [java.lang.String]
DEBUG - Found bean property &apos;class&apos; of type [java.lang.Class]
2012-12-19 20:28:46,795 DEBUG [CachedIntrospectionResults.java:243] : Found bean property &apos;class&apos; of type [java.lang.Class]
DEBUG - Found bean property &apos;created&apos; of type [java.lang.Integer]
2012-12-19 20:28:46,795 DEBUG [CachedIntrospectionResults.java:243] : Found bean property &apos;created&apos; of type [java.lang.Integer]
DEBUG - Found bean property &apos;email&apos; of type [java.lang.String]
2012-12-19 20:28:46,797 DEBUG [CachedIntrospectionResults.java:243] : Found bean property &apos;email&apos; of type [java.lang.String]
DEBUG - Found bean property &apos;id&apos; of type [java.lang.Integer]
2012-12-19 20:28:46,797 DEBUG [CachedIntrospectionResults.java:243] : Found bean property &apos;id&apos; of type [java.lang.Integer]
DEBUG - Found bean property &apos;last_update&apos; of type [java.lang.String]
2012-12-19 20:28:46,798 DEBUG [CachedIntrospectionResults.java:243] : Found bean property &apos;last_update&apos; of type [java.lang.String]
DEBUG - Found bean property &apos;username&apos; of type [java.lang.String]
2012-12-19 20:28:46,798 DEBUG [CachedIntrospectionResults.java:243] : Found bean property &apos;username&apos; of type [java.lang.String]
DEBUG - Finished creating instance of bean &apos;users&apos;
2012-12-19 20:28:46,804 DEBUG [AbstractAutowireCapableBeanFactory.java:411] : Finished creating instance of bean &apos;users&apos;
DEBUG - Publishing event in context [org.springframework.context.support.ClassPathXmlApplicationContext@a3ce3f]: org.springframework.context.event.ContextRefreshedEvent[source=org.springframework.context.support.ClassPathXmlApplicationContext@a3ce3f: display name [org.springframework.context.support.ClassPathXmlApplicationContext@a3ce3f]; startup date [Wed Dec 19 20:28:42 CST 2012]; root of context hierarchy]
2012-12-19 20:28:46,805 DEBUG [AbstractApplicationContext.java:272] : Publishing event in context [org.springframework.context.support.ClassPathXmlApplicationContext@a3ce3f]: org.springframework.context.event.ContextRefreshedEvent[source=org.springframework.context.support.ClassPathXmlApplicationContext@a3ce3f: display name [org.springframework.context.support.ClassPathXmlApplicationContext@a3ce3f]; startup date [Wed Dec 19 20:28:42 CST 2012]; root of context hierarchy]
DEBUG - Returning cached instance of singleton bean &apos;users&apos;
2012-12-19 20:28:46,805 DEBUG [AbstractBeanFactory.java:214] : Returning cached instance of singleton bean &apos;users&apos;
DEBUG - Logging Provider: org.jboss.logging.Log4jLoggerProvider
2012-12-19 20:28:47,635 DEBUG [Configuration.java:176] : Logging Provider: org.jboss.logging.Log4jLoggerProvider
DEBUG - Adding type registration boolean -&gt; org.hibernate.type.BooleanType@1706125
2012-12-19 20:28:47,975 DEBUG [BasicTypeRegistry.java:143] : Adding type registration boolean -&gt; org.hibernate.type.BooleanType@1706125
DEBUG - Adding type registration boolean -&gt; org.hibernate.type.BooleanType@1706125
2012-12-19 20:28:47,976 DEBUG [BasicTypeRegistry.java:143] : Adding type registration boolean -&gt; org.hibernate.type.BooleanType@1706125
DEBUG - Adding type registration java.lang.Boolean -&gt; org.hibernate.type.BooleanType@1706125
2012-12-19 20:28:47,976 DEBUG [BasicTypeRegistry.java:143] : Adding type registration java.lang.Boolean -&gt; org.hibernate.type.BooleanType@1706125
DEBUG - Adding type registration numeric_boolean -&gt; org.hibernate.type.NumericBooleanType@16aa544
2012-12-19 20:28:48,015 DEBUG [BasicTypeRegistry.java:143] : Adding type registration numeric_boolean -&gt; org.hibernate.type.NumericBooleanType@16aa544
DEBUG - Adding type registration true_false -&gt; org.hibernate.type.TrueFalseType@101f935
2012-12-19 20:28:48,019 DEBUG [BasicTypeRegistry.java:143] : Adding type registration true_false -&gt; org.hibernate.type.TrueFalseType@101f935
DEBUG - Adding type registration yes_no -&gt; org.hibernate.type.YesNoType@1e40a47
2012-12-19 20:28:48,021 DEBUG [BasicTypeRegistry.java:143] : Adding type registration yes_no -&gt; org.hibernate.type.YesNoType@1e40a47
DEBUG - Adding type registration byte -&gt; org.hibernate.type.ByteType@1c5fd5
2012-12-19 20:28:48,062 DEBUG [BasicTypeRegistry.java:143] : Adding type registration byte -&gt; org.hibernate.type.ByteType@1c5fd5
DEBUG - Adding type registration byte -&gt; org.hibernate.type.ByteType@1c5fd5
2012-12-19 20:28:48,069 DEBUG [BasicTypeRegistry.java:143] : Adding type registration byte -&gt; org.hibernate.type.ByteType@1c5fd5
DEBUG - Adding type registration java.lang.Byte -&gt; org.hibernate.type.ByteType@1c5fd5
2012-12-19 20:28:48,071 DEBUG [BasicTypeRegistry.java:143] : Adding type registration java.lang.Byte -&gt; org.hibernate.type.ByteType@1c5fd5
DEBUG - Adding type registration character -&gt; org.hibernate.type.CharacterType@e8d9a5
2012-12-19 20:28:48,156 DEBUG [BasicTypeRegistry.java:143] : Adding type registration character -&gt; org.hibernate.type.CharacterType@e8d9a5
DEBUG - Adding type registration char -&gt; org.hibernate.type.CharacterType@e8d9a5
2012-12-19 20:28:48,157 DEBUG [BasicTypeRegistry.java:143] : Adding type registration char -&gt; org.hibernate.type.CharacterType@e8d9a5
DEBUG - Adding type registration java.lang.Character -&gt; org.hibernate.type.CharacterType@e8d9a5
2012-12-19 20:28:48,157 DEBUG [BasicTypeRegistry.java:143] : Adding type registration java.lang.Character -&gt; org.hibernate.type.CharacterType@e8d9a5
DEBUG - Adding type registration short -&gt; org.hibernate.type.ShortType@56103e
2012-12-19 20:28:48,162 DEBUG [BasicTypeRegistry.java:143] : Adding type registration short -&gt; org.hibernate.type.ShortType@56103e
DEBUG - Adding type registration short -&gt; org.hibernate.type.ShortType@56103e
2012-12-19 20:28:48,162 DEBUG [BasicTypeRegistry.java:143] : Adding type registration short -&gt; org.hibernate.type.ShortType@56103e
DEBUG - Adding type registration java.lang.Short -&gt; org.hibernate.type.ShortType@56103e
2012-12-19 20:28:48,162 DEBUG [BasicTypeRegistry.java:143] : Adding type registration java.lang.Short -&gt; org.hibernate.type.ShortType@56103e
DEBUG - Adding type registration integer -&gt; org.hibernate.type.IntegerType@1b843a4
2012-12-19 20:28:48,165 DEBUG [BasicTypeRegistry.java:143] : Adding type registration integer -&gt; org.hibernate.type.IntegerType@1b843a4
DEBUG - Adding type registration int -&gt; org.hibernate.type.IntegerType@1b843a4
2012-12-19 20:28:48,166 DEBUG [BasicTypeRegistry.java:143] : Adding type registration int -&gt; org.hibernate.type.IntegerType@1b843a4
DEBUG - Adding type registration java.lang.Integer -&gt; org.hibernate.type.IntegerType@1b843a4
2012-12-19 20:28:48,166 DEBUG [BasicTypeRegistry.java:143] : Adding type registration java.lang.Integer -&gt; org.hibernate.type.IntegerType@1b843a4
DEBUG - Adding type registration long -&gt; org.hibernate.type.LongType@29abca
2012-12-19 20:28:48,281 DEBUG [BasicTypeRegistry.java:143] : Adding type registration long -&gt; org.hibernate.type.LongType@29abca
DEBUG - Adding type registration long -&gt; org.hibernate.type.LongType@29abca
2012-12-19 20:28:48,281 DEBUG [BasicTypeRegistry.java:143] : Adding type registration long -&gt; org.hibernate.type.LongType@29abca
DEBUG - Adding type registration java.lang.Long -&gt; org.hibernate.type.LongType@29abca
2012-12-19 20:28:48,282 DEBUG [BasicTypeRegistry.java:143] : Adding type registration java.lang.Long -&gt; org.hibernate.type.LongType@29abca
DEBUG - Adding type registration float -&gt; org.hibernate.type.FloatType@1d344e7
2012-12-19 20:28:48,308 DEBUG [BasicTypeRegistry.java:143] : Adding type registration float -&gt; org.hibernate.type.FloatType@1d344e7
DEBUG - Adding type registration float -&gt; org.hibernate.type.FloatType@1d344e7
2012-12-19 20:28:48,308 DEBUG [BasicTypeRegistry.java:143] : Adding type registration float -&gt; org.hibernate.type.FloatType@1d344e7
DEBUG - Adding type registration java.lang.Float -&gt; org.hibernate.type.FloatType@1d344e7
2012-12-19 20:28:48,309 DEBUG [BasicTypeRegistry.java:143] : Adding type registration java.lang.Float -&gt; org.hibernate.type.FloatType@1d344e7
DEBUG - Adding type registration double -&gt; org.hibernate.type.DoubleType@2453bb
2012-12-19 20:28:48,361 DEBUG [BasicTypeRegistry.java:143] : Adding type registration double -&gt; org.hibernate.type.DoubleType@2453bb
DEBUG - Adding type registration double -&gt; org.hibernate.type.DoubleType@2453bb
2012-12-19 20:28:48,363 DEBUG [BasicTypeRegistry.java:143] : Adding type registration double -&gt; org.hibernate.type.DoubleType@2453bb
DEBUG - Adding type registration java.lang.Double -&gt; org.hibernate.type.DoubleType@2453bb
2012-12-19 20:28:48,363 DEBUG [BasicTypeRegistry.java:143] : Adding type registration java.lang.Double -&gt; org.hibernate.type.DoubleType@2453bb
DEBUG - Adding type registration big_decimal -&gt; org.hibernate.type.BigDecimalType@7af497
2012-12-19 20:28:48,435 DEBUG [BasicTypeRegistry.java:143] : Adding type registration big_decimal -&gt; org.hibernate.type.BigDecimalType@7af497
DEBUG - Adding type registration java.math.BigDecimal -&gt; org.hibernate.type.BigDecimalType@7af497
2012-12-19 20:28:48,436 DEBUG [BasicTypeRegistry.java:143] : Adding type registration java.math.BigDecimal -&gt; org.hibernate.type.BigDecimalType@7af497
DEBUG - Adding type registration big_integer -&gt; org.hibernate.type.BigIntegerType@1bcc9f
2012-12-19 20:28:48,455 DEBUG [BasicTypeRegistry.java:143] : Adding type registration big_integer -&gt; org.hibernate.type.BigIntegerType@1bcc9f
DEBUG - Adding type registration java.math.BigInteger -&gt; org.hibernate.type.BigIntegerType@1bcc9f
2012-12-19 20:28:48,455 DEBUG [BasicTypeRegistry.java:143] : Adding type registration java.math.BigInteger -&gt; org.hibernate.type.BigIntegerType@1bcc9f
DEBUG - Adding type registration string -&gt; org.hibernate.type.StringType@1beffcd
2012-12-19 20:28:48,458 DEBUG [BasicTypeRegistry.java:143] : Adding type registration string -&gt; org.hibernate.type.StringType@1beffcd
DEBUG - Adding type registration java.lang.String -&gt; org.hibernate.type.StringType@1beffcd
2012-12-19 20:28:48,458 DEBUG [BasicTypeRegistry.java:143] : Adding type registration java.lang.String -&gt; org.hibernate.type.StringType@1beffcd
DEBUG - Adding type registration url -&gt; org.hibernate.type.UrlType@122d847
2012-12-19 20:28:48,463 DEBUG [BasicTypeRegistry.java:143] : Adding type registration url -&gt; org.hibernate.type.UrlType@122d847
DEBUG - Adding type registration java.net.URL -&gt; org.hibernate.type.UrlType@122d847
2012-12-19 20:28:48,463 DEBUG [BasicTypeRegistry.java:143] : Adding type registration java.net.URL -&gt; org.hibernate.type.UrlType@122d847
DEBUG - Adding type registration date -&gt; org.hibernate.type.DateType@a4ee7
2012-12-19 20:28:48,560 DEBUG [BasicTypeRegistry.java:143] : Adding type registration date -&gt; org.hibernate.type.DateType@a4ee7
DEBUG - Adding type registration java.sql.Date -&gt; org.hibernate.type.DateType@a4ee7
2012-12-19 20:28:48,561 DEBUG [BasicTypeRegistry.java:143] : Adding type registration java.sql.Date -&gt; org.hibernate.type.DateType@a4ee7
DEBUG - Adding type registration time -&gt; org.hibernate.type.TimeType@1d26b41
2012-12-19 20:28:48,566 DEBUG [BasicTypeRegistry.java:143] : Adding type registration time -&gt; org.hibernate.type.TimeType@1d26b41
DEBUG - Adding type registration java.sql.Time -&gt; org.hibernate.type.TimeType@1d26b41
2012-12-19 20:28:48,566 DEBUG [BasicTypeRegistry.java:143] : Adding type registration java.sql.Time -&gt; org.hibernate.type.TimeType@1d26b41
DEBUG - Adding type registration timestamp -&gt; org.hibernate.type.TimestampType@1b15447
2012-12-19 20:28:48,570 DEBUG [BasicTypeRegistry.java:143] : Adding type registration timestamp -&gt; org.hibernate.type.TimestampType@1b15447
DEBUG - Adding type registration java.sql.Timestamp -&gt; org.hibernate.type.TimestampType@1b15447
2012-12-19 20:28:48,570 DEBUG [BasicTypeRegistry.java:143] : Adding type registration java.sql.Timestamp -&gt; org.hibernate.type.TimestampType@1b15447
DEBUG - Adding type registration java.util.Date -&gt; org.hibernate.type.TimestampType@1b15447
2012-12-19 20:28:48,571 DEBUG [BasicTypeRegistry.java:143] : Adding type registration java.util.Date -&gt; org.hibernate.type.TimestampType@1b15447
DEBUG - Adding type registration dbtimestamp -&gt; org.hibernate.type.DbTimestampType@199723f
2012-12-19 20:28:48,587 DEBUG [BasicTypeRegistry.java:143] : Adding type registration dbtimestamp -&gt; org.hibernate.type.DbTimestampType@199723f
DEBUG - Adding type registration calendar -&gt; org.hibernate.type.CalendarType@13ddbdd
2012-12-19 20:28:48,591 DEBUG [BasicTypeRegistry.java:143] : Adding type registration calendar -&gt; org.hibernate.type.CalendarType@13ddbdd
DEBUG - Adding type registration java.util.Calendar -&gt; org.hibernate.type.CalendarType@13ddbdd
2012-12-19 20:28:48,592 DEBUG [BasicTypeRegistry.java:143] : Adding type registration java.util.Calendar -&gt; org.hibernate.type.CalendarType@13ddbdd
DEBUG - Adding type registration java.util.GregorianCalendar -&gt; org.hibernate.type.CalendarType@13ddbdd
2012-12-19 20:28:48,613 DEBUG [BasicTypeRegistry.java:143] : Adding type registration java.util.GregorianCalendar -&gt; org.hibernate.type.CalendarType@13ddbdd
DEBUG - Adding type registration calendar_date -&gt; org.hibernate.type.CalendarDateType@1b8dba5
2012-12-19 20:28:48,615 DEBUG [BasicTypeRegistry.java:143] : Adding type registration calendar_date -&gt; org.hibernate.type.CalendarDateType@1b8dba5
DEBUG - Adding type registration locale -&gt; org.hibernate.type.LocaleType@139e9f8
2012-12-19 20:28:48,620 DEBUG [BasicTypeRegistry.java:143] : Adding type registration locale -&gt; org.hibernate.type.LocaleType@139e9f8
DEBUG - Adding type registration java.util.Locale -&gt; org.hibernate.type.LocaleType@139e9f8
2012-12-19 20:28:48,621 DEBUG [BasicTypeRegistry.java:143] : Adding type registration java.util.Locale -&gt; org.hibernate.type.LocaleType@139e9f8
DEBUG - Adding type registration currency -&gt; org.hibernate.type.CurrencyType@a1e1f
2012-12-19 20:28:48,623 DEBUG [BasicTypeRegistry.java:143] : Adding type registration currency -&gt; org.hibernate.type.CurrencyType@a1e1f
DEBUG - Adding type registration java.util.Currency -&gt; org.hibernate.type.CurrencyType@a1e1f
2012-12-19 20:28:48,624 DEBUG [BasicTypeRegistry.java:143] : Adding type registration java.util.Currency -&gt; org.hibernate.type.CurrencyType@a1e1f
DEBUG - Adding type registration timezone -&gt; org.hibernate.type.TimeZoneType@16e9cbe
2012-12-19 20:28:48,628 DEBUG [BasicTypeRegistry.java:143] : Adding type registration timezone -&gt; org.hibernate.type.TimeZoneType@16e9cbe
DEBUG - Adding type registration java.util.TimeZone -&gt; org.hibernate.type.TimeZoneType@16e9cbe
2012-12-19 20:28:48,629 DEBUG [BasicTypeRegistry.java:143] : Adding type registration java.util.TimeZone -&gt; org.hibernate.type.TimeZoneType@16e9cbe
DEBUG - Adding type registration class -&gt; org.hibernate.type.ClassType@a2bf0f
2012-12-19 20:28:48,641 DEBUG [BasicTypeRegistry.java:143] : Adding type registration class -&gt; org.hibernate.type.ClassType@a2bf0f
DEBUG - Adding type registration java.lang.Class -&gt; org.hibernate.type.ClassType@a2bf0f
2012-12-19 20:28:48,644 DEBUG [BasicTypeRegistry.java:143] : Adding type registration java.lang.Class -&gt; org.hibernate.type.ClassType@a2bf0f
DEBUG - Adding type registration uuid-binary -&gt; org.hibernate.type.UUIDBinaryType@13eabd9
2012-12-19 20:28:48,664 DEBUG [BasicTypeRegistry.java:143] : Adding type registration uuid-binary -&gt; org.hibernate.type.UUIDBinaryType@13eabd9
DEBUG - Adding type registration java.util.UUID -&gt; org.hibernate.type.UUIDBinaryType@13eabd9
2012-12-19 20:28:48,677 DEBUG [BasicTypeRegistry.java:143] : Adding type registration java.util.UUID -&gt; org.hibernate.type.UUIDBinaryType@13eabd9
DEBUG - Adding type registration uuid-char -&gt; org.hibernate.type.UUIDCharType@822268
2012-12-19 20:28:48,702 DEBUG [BasicTypeRegistry.java:143] : Adding type registration uuid-char -&gt; org.hibernate.type.UUIDCharType@822268
DEBUG - Adding type registration pg-uuid -&gt; org.hibernate.type.PostgresUUIDType@4bb5d8
2012-12-19 20:28:48,762 DEBUG [BasicTypeRegistry.java:143] : Adding type registration pg-uuid -&gt; org.hibernate.type.PostgresUUIDType@4bb5d8
DEBUG - Adding type registration binary -&gt; org.hibernate.type.BinaryType@bc1e7e
2012-12-19 20:28:48,767 DEBUG [BasicTypeRegistry.java:143] : Adding type registration binary -&gt; org.hibernate.type.BinaryType@bc1e7e
DEBUG - Adding type registration byte[] -&gt; org.hibernate.type.BinaryType@bc1e7e
2012-12-19 20:28:48,767 DEBUG [BasicTypeRegistry.java:143] : Adding type registration byte[] -&gt; org.hibernate.type.BinaryType@bc1e7e
DEBUG - Adding type registration [B -&gt; org.hibernate.type.BinaryType@bc1e7e
2012-12-19 20:28:48,767 DEBUG [BasicTypeRegistry.java:143] : Adding type registration [B -&gt; org.hibernate.type.BinaryType@bc1e7e
DEBUG - Adding type registration wrapper-binary -&gt; org.hibernate.type.WrapperBinaryType@1d03b5b
2012-12-19 20:28:48,770 DEBUG [BasicTypeRegistry.java:143] : Adding type registration wrapper-binary -&gt; org.hibernate.type.WrapperBinaryType@1d03b5b
DEBUG - Adding type registration Byte[] -&gt; org.hibernate.type.WrapperBinaryType@1d03b5b
2012-12-19 20:28:48,771 DEBUG [BasicTypeRegistry.java:143] : Adding type registration Byte[] -&gt; org.hibernate.type.WrapperBinaryType@1d03b5b
DEBUG - Adding type registration [Ljava.lang.Byte; -&gt; org.hibernate.type.WrapperBinaryType@1d03b5b
2012-12-19 20:28:48,771 DEBUG [BasicTypeRegistry.java:143] : Adding type registration [Ljava.lang.Byte; -&gt; org.hibernate.type.WrapperBinaryType@1d03b5b
DEBUG - Adding type registration image -&gt; org.hibernate.type.ImageType@16bc07a
2012-12-19 20:28:48,773 DEBUG [BasicTypeRegistry.java:143] : Adding type registration image -&gt; org.hibernate.type.ImageType@16bc07a
DEBUG - Adding type registration characters -&gt; org.hibernate.type.CharArrayType@527179
2012-12-19 20:28:48,776 DEBUG [BasicTypeRegistry.java:143] : Adding type registration characters -&gt; org.hibernate.type.CharArrayType@527179
DEBUG - Adding type registration char[] -&gt; org.hibernate.type.CharArrayType@527179
2012-12-19 20:28:48,777 DEBUG [BasicTypeRegistry.java:143] : Adding type registration char[] -&gt; org.hibernate.type.CharArrayType@527179
DEBUG - Adding type registration [C -&gt; org.hibernate.type.CharArrayType@527179
2012-12-19 20:28:48,777 DEBUG [BasicTypeRegistry.java:143] : Adding type registration [C -&gt; org.hibernate.type.CharArrayType@527179
DEBUG - Adding type registration wrapper-characters -&gt; org.hibernate.type.CharacterArrayType@ceb95b
2012-12-19 20:28:48,780 DEBUG [BasicTypeRegistry.java:143] : Adding type registration wrapper-characters -&gt; org.hibernate.type.CharacterArrayType@ceb95b
DEBUG - Adding type registration [Ljava.lang.Character; -&gt; org.hibernate.type.CharacterArrayType@ceb95b
2012-12-19 20:28:48,780 DEBUG [BasicTypeRegistry.java:143] : Adding type registration [Ljava.lang.Character; -&gt; org.hibernate.type.CharacterArrayType@ceb95b
DEBUG - Adding type registration Character[] -&gt; org.hibernate.type.CharacterArrayType@ceb95b
2012-12-19 20:28:48,780 DEBUG [BasicTypeRegistry.java:143] : Adding type registration Character[] -&gt; org.hibernate.type.CharacterArrayType@ceb95b
DEBUG - Adding type registration text -&gt; org.hibernate.type.TextType@e5d9d2
2012-12-19 20:28:48,783 DEBUG [BasicTypeRegistry.java:143] : Adding type registration text -&gt; org.hibernate.type.TextType@e5d9d2
DEBUG - Adding type registration blob -&gt; org.hibernate.type.BlobType@16fb054
2012-12-19 20:28:48,866 DEBUG [BasicTypeRegistry.java:143] : Adding type registration blob -&gt; org.hibernate.type.BlobType@16fb054
DEBUG - Adding type registration java.sql.Blob -&gt; org.hibernate.type.BlobType@16fb054
2012-12-19 20:28:48,866 DEBUG [BasicTypeRegistry.java:143] : Adding type registration java.sql.Blob -&gt; org.hibernate.type.BlobType@16fb054
DEBUG - Adding type registration materialized_blob -&gt; org.hibernate.type.MaterializedBlobType@1433fd1
2012-12-19 20:28:48,912 DEBUG [BasicTypeRegistry.java:143] : Adding type registration materialized_blob -&gt; org.hibernate.type.MaterializedBlobType@1433fd1
DEBUG - Adding type registration clob -&gt; org.hibernate.type.ClobType@e6d0a5
2012-12-19 20:28:48,944 DEBUG [BasicTypeRegistry.java:143] : Adding type registration clob -&gt; org.hibernate.type.ClobType@e6d0a5
DEBUG - Adding type registration java.sql.Clob -&gt; org.hibernate.type.ClobType@e6d0a5
2012-12-19 20:28:48,945 DEBUG [BasicTypeRegistry.java:143] : Adding type registration java.sql.Clob -&gt; org.hibernate.type.ClobType@e6d0a5
DEBUG - Adding type registration materialized_clob -&gt; org.hibernate.type.MaterializedClobType@aaa1c3
2012-12-19 20:28:48,946 DEBUG [BasicTypeRegistry.java:143] : Adding type registration materialized_clob -&gt; org.hibernate.type.MaterializedClobType@aaa1c3
DEBUG - Adding type registration serializable -&gt; org.hibernate.type.SerializableType@c75d38
2012-12-19 20:28:48,950 DEBUG [BasicTypeRegistry.java:143] : Adding type registration serializable -&gt; org.hibernate.type.SerializableType@c75d38
DEBUG - Adding type registration object -&gt; org.hibernate.type.ObjectType@1092e60
2012-12-19 20:28:48,986 DEBUG [BasicTypeRegistry.java:143] : Adding type registration object -&gt; org.hibernate.type.ObjectType@1092e60
DEBUG - Adding type registration java.lang.Object -&gt; org.hibernate.type.ObjectType@1092e60
2012-12-19 20:28:48,987 DEBUG [BasicTypeRegistry.java:143] : Adding type registration java.lang.Object -&gt; org.hibernate.type.ObjectType@1092e60
DEBUG - Adding type registration imm_date -&gt; org.hibernate.type.AdaptedImmutableType@1c5437c
2012-12-19 20:28:48,990 DEBUG [BasicTypeRegistry.java:143] : Adding type registration imm_date -&gt; org.hibernate.type.AdaptedImmutableType@1c5437c
DEBUG - Adding type registration imm_time -&gt; org.hibernate.type.AdaptedImmutableType@1d1a6b3
2012-12-19 20:28:48,991 DEBUG [BasicTypeRegistry.java:143] : Adding type registration imm_time -&gt; org.hibernate.type.AdaptedImmutableType@1d1a6b3
DEBUG - Adding type registration imm_timestamp -&gt; org.hibernate.type.AdaptedImmutableType@1176704
2012-12-19 20:28:48,991 DEBUG [BasicTypeRegistry.java:143] : Adding type registration imm_timestamp -&gt; org.hibernate.type.AdaptedImmutableType@1176704
DEBUG - Adding type registration imm_dbtimestamp -&gt; org.hibernate.type.AdaptedImmutableType@16c73aa
2012-12-19 20:28:48,992 DEBUG [BasicTypeRegistry.java:143] : Adding type registration imm_dbtimestamp -&gt; org.hibernate.type.AdaptedImmutableType@16c73aa
DEBUG - Adding type registration imm_calendar -&gt; org.hibernate.type.AdaptedImmutableType@11dc8af
2012-12-19 20:28:48,992 DEBUG [BasicTypeRegistry.java:143] : Adding type registration imm_calendar -&gt; org.hibernate.type.AdaptedImmutableType@11dc8af
DEBUG - Adding type registration imm_calendar_date -&gt; org.hibernate.type.AdaptedImmutableType@62953a
2012-12-19 20:28:48,992 DEBUG [BasicTypeRegistry.java:143] : Adding type registration imm_calendar_date -&gt; org.hibernate.type.AdaptedImmutableType@62953a
DEBUG - Adding type registration imm_binary -&gt; org.hibernate.type.AdaptedImmutableType@334f8e
2012-12-19 20:28:48,995 DEBUG [BasicTypeRegistry.java:143] : Adding type registration imm_binary -&gt; org.hibernate.type.AdaptedImmutableType@334f8e
DEBUG - Adding type registration imm_serializable -&gt; org.hibernate.type.AdaptedImmutableType@ac1596
2012-12-19 20:28:48,995 DEBUG [BasicTypeRegistry.java:143] : Adding type registration imm_serializable -&gt; org.hibernate.type.AdaptedImmutableType@ac1596
INFO - HCANN000001: Hibernate Commons Annotations {4.0.1.Final}
2012-12-19 20:28:49,288 INFO  [Version.java:37] : HCANN000001: Hibernate Commons Annotations {4.0.1.Final}
INFO - HHH000412: Hibernate Core {4.1.7.Final}
2012-12-19 20:28:49,439 INFO  [Version.java:41] : HHH000412: Hibernate Core {4.1.7.Final}
INFO - HHH000206: hibernate.properties not found
2012-12-19 20:28:49,489 INFO  [Environment.java:239] : HHH000206: hibernate.properties not found
INFO - HHH000021: Bytecode provider name : javassist
2012-12-19 20:28:49,493 INFO  [Environment.java:342] : HHH000021: Bytecode provider name : javassist
DEBUG - Registering IdentifierGenerator strategy [uuid2] -&gt; [org.hibernate.id.UUIDGenerator]
2012-12-19 20:28:50,389 DEBUG [DefaultIdentifierGeneratorFactory.java:93] : Registering IdentifierGenerator strategy [uuid2] -&gt; [org.hibernate.id.UUIDGenerator]
DEBUG - Registering IdentifierGenerator strategy [guid] -&gt; [org.hibernate.id.GUIDGenerator]
2012-12-19 20:28:50,399 DEBUG [DefaultIdentifierGeneratorFactory.java:93] : Registering IdentifierGenerator strategy [guid] -&gt; [org.hibernate.id.GUIDGenerator]
DEBUG - Registering IdentifierGenerator strategy [uuid] -&gt; [org.hibernate.id.UUIDHexGenerator]
2012-12-19 20:28:50,451 DEBUG [DefaultIdentifierGeneratorFactory.java:93] : Registering IdentifierGenerator strategy [uuid] -&gt; [org.hibernate.id.UUIDHexGenerator]
DEBUG - Registering IdentifierGenerator strategy [uuid.hex] -&gt; [org.hibernate.id.UUIDHexGenerator]
2012-12-19 20:28:50,453 DEBUG [DefaultIdentifierGeneratorFactory.java:93] : Registering IdentifierGenerator strategy [uuid.hex] -&gt; [org.hibernate.id.UUIDHexGenerator]
DEBUG - Registering IdentifierGenerator strategy [hilo] -&gt; [org.hibernate.id.TableHiLoGenerator]
2012-12-19 20:28:50,482 DEBUG [DefaultIdentifierGeneratorFactory.java:93] : Registering IdentifierGenerator strategy [hilo] -&gt; [org.hibernate.id.TableHiLoGenerator]
DEBUG - Registering IdentifierGenerator strategy [assigned] -&gt; [org.hibernate.id.Assigned]
2012-12-19 20:28:50,485 DEBUG [DefaultIdentifierGeneratorFactory.java:93] : Registering IdentifierGenerator strategy [assigned] -&gt; [org.hibernate.id.Assigned]
DEBUG - Registering IdentifierGenerator strategy [identity] -&gt; [org.hibernate.id.IdentityGenerator]
2012-12-19 20:28:50,509 DEBUG [DefaultIdentifierGeneratorFactory.java:93] : Registering IdentifierGenerator strategy [identity] -&gt; [org.hibernate.id.IdentityGenerator]
DEBUG - Registering IdentifierGenerator strategy [select] -&gt; [org.hibernate.id.SelectGenerator]
2012-12-19 20:28:50,518 DEBUG [DefaultIdentifierGeneratorFactory.java:93] : Registering IdentifierGenerator strategy [select] -&gt; [org.hibernate.id.SelectGenerator]
DEBUG - Registering IdentifierGenerator strategy [sequence] -&gt; [org.hibernate.id.SequenceGenerator]
2012-12-19 20:28:50,527 DEBUG [DefaultIdentifierGeneratorFactory.java:93] : Registering IdentifierGenerator strategy [sequence] -&gt; [org.hibernate.id.SequenceGenerator]
DEBUG - Registering IdentifierGenerator strategy [seqhilo] -&gt; [org.hibernate.id.SequenceHiLoGenerator]
2012-12-19 20:28:50,532 DEBUG [DefaultIdentifierGeneratorFactory.java:93] : Registering IdentifierGenerator strategy [seqhilo] -&gt; [org.hibernate.id.SequenceHiLoGenerator]
DEBUG - Registering IdentifierGenerator strategy [increment] -&gt; [org.hibernate.id.IncrementGenerator]
2012-12-19 20:28:50,533 DEBUG [DefaultIdentifierGeneratorFactory.java:93] : Registering IdentifierGenerator strategy [increment] -&gt; [org.hibernate.id.IncrementGenerator]
DEBUG - Registering IdentifierGenerator strategy [foreign] -&gt; [org.hibernate.id.ForeignGenerator]
2012-12-19 20:28:50,535 DEBUG [DefaultIdentifierGeneratorFactory.java:93] : Registering IdentifierGenerator strategy [foreign] -&gt; [org.hibernate.id.ForeignGenerator]
DEBUG - Registering IdentifierGenerator strategy [sequence-identity] -&gt; [org.hibernate.id.SequenceIdentityGenerator]
2012-12-19 20:28:50,536 DEBUG [DefaultIdentifierGeneratorFactory.java:93] : Registering IdentifierGenerator strategy [sequence-identity] -&gt; [org.hibernate.id.SequenceIdentityGenerator]
DEBUG - Registering IdentifierGenerator strategy [enhanced-sequence] -&gt; [org.hibernate.id.enhanced.SequenceStyleGenerator]
2012-12-19 20:28:50,574 DEBUG [DefaultIdentifierGeneratorFactory.java:93] : Registering IdentifierGenerator strategy [enhanced-sequence] -&gt; [org.hibernate.id.enhanced.SequenceStyleGenerator]
DEBUG - Registering IdentifierGenerator strategy [enhanced-table] -&gt; [org.hibernate.id.enhanced.TableGenerator]
2012-12-19 20:28:50,612 DEBUG [DefaultIdentifierGeneratorFactory.java:93] : Registering IdentifierGenerator strategy [enhanced-table] -&gt; [org.hibernate.id.enhanced.TableGenerator]
INFO - HHH000043: Configuring from resource: /hibernate.cfg.xml
2012-12-19 20:28:50,617 INFO  [Configuration.java:1933] : HHH000043: Configuring from resource: /hibernate.cfg.xml
INFO - HHH000040: Configuration resource: /hibernate.cfg.xml
2012-12-19 20:28:50,618 INFO  [Configuration.java:1952] : HHH000040: Configuration resource: /hibernate.cfg.xml
DEBUG - Trying to resolve system-id [http://www.hibernate.org/dtd/hibernate-configuration-3.0.dtd]
2012-12-19 20:28:51,274 DEBUG [DTDEntityResolver.java:68] : Trying to resolve system-id [http://www.hibernate.org/dtd/hibernate-configuration-3.0.dtd]
DEBUG - Recognized hibernate namespace; attempting to resolve on classpath under org/hibernate/
2012-12-19 20:28:51,275 DEBUG [DTDEntityResolver.java:70] : Recognized hibernate namespace; attempting to resolve on classpath under org/hibernate/
DEBUG - Located [http://www.hibernate.org/dtd/hibernate-configuration-3.0.dtd] in classpath
2012-12-19 20:28:51,277 DEBUG [DTDEntityResolver.java:107] : Located [http://www.hibernate.org/dtd/hibernate-configuration-3.0.dtd] in classpath
DEBUG - connection.driver_class=com.mysql.jdbc.Driver
2012-12-19 20:28:51,403 DEBUG [Configuration.java:1895] : connection.driver_class=com.mysql.jdbc.Driver
DEBUG - connection.url=jdbc:mysql://192.168.1.57/aifang_dispatcher?useUnicode=true&amp;characterEncoding=UTF-8&amp;zeroDateTimeBehavior=convertToNull
2012-12-19 20:28:51,403 DEBUG [Configuration.java:1895] : connection.url=jdbc:mysql://192.168.1.57/aifang_dispatcher?useUnicode=true&amp;characterEncoding=UTF-8&amp;zeroDateTimeBehavior=convertToNull
DEBUG - connection.username=root
2012-12-19 20:28:51,403 DEBUG [Configuration.java:1895] : connection.username=root
DEBUG - connection.password=aifang
2012-12-19 20:28:51,403 DEBUG [Configuration.java:1895] : connection.password=aifang
DEBUG - connection.pool_size=1
2012-12-19 20:28:51,404 DEBUG [Configuration.java:1895] : connection.pool_size=1
DEBUG - dialect=org.hibernate.dialect.MySQLDialect
2012-12-19 20:28:51,404 DEBUG [Configuration.java:1895] : dialect=org.hibernate.dialect.MySQLDialect
DEBUG - current_session_context_class=thread
2012-12-19 20:28:51,404 DEBUG [Configuration.java:1895] : current_session_context_class=thread
DEBUG - cache.provider_class=org.hibernate.cache.NoCacheProvider
2012-12-19 20:28:51,404 DEBUG [Configuration.java:1895] : cache.provider_class=org.hibernate.cache.NoCacheProvider
DEBUG - show_sql=true
2012-12-19 20:28:51,406 DEBUG [Configuration.java:1895] : show_sql=true
DEBUG - hbm2ddl.auto=update
2012-12-19 20:28:51,406 DEBUG [Configuration.java:1895] : hbm2ddl.auto=update
DEBUG - Session-factory config [null] named resource [user.hbm.xml] for mapping
2012-12-19 20:28:51,406 DEBUG [Configuration.java:2114] : Session-factory config [null] named resource [user.hbm.xml] for mapping
INFO - HHH000221: Reading mappings from resource: user.hbm.xml
2012-12-19 20:28:51,407 INFO  [Configuration.java:718] : HHH000221: Reading mappings from resource: user.hbm.xml
DEBUG - Trying to resolve system-id [http://hibernate.sourceforge.net/hibernate-mapping-3.0.dtd]
2012-12-19 20:28:51,436 DEBUG [DTDEntityResolver.java:68] : Trying to resolve system-id [http://hibernate.sourceforge.net/hibernate-mapping-3.0.dtd]
WARN - HHH000223: Recognized obsolete hibernate namespace http://hibernate.sourceforge.net/. Use namespace http://www.hibernate.org/dtd/ instead. Refer to Hibernate 3.6 Migration Guide!
2012-12-19 20:28:51,437 WARN  [DTDEntityResolver.java:74] : HHH000223: Recognized obsolete hibernate namespace http://hibernate.sourceforge.net/. Use namespace http://www.hibernate.org/dtd/ instead. Refer to Hibernate 3.6 Migration Guide!
DEBUG - Attempting to resolve on classpath under org/hibernate/
2012-12-19 20:28:51,438 DEBUG [DTDEntityResolver.java:75] : Attempting to resolve on classpath under org/hibernate/
DEBUG - Located [http://hibernate.sourceforge.net/hibernate-mapping-3.0.dtd] in classpath
2012-12-19 20:28:51,439 DEBUG [DTDEntityResolver.java:107] : Located [http://hibernate.sourceforge.net/hibernate-mapping-3.0.dtd] in classpath
INFO - HHH000041: Configured SessionFactory: null
2012-12-19 20:28:51,542 INFO  [Configuration.java:2074] : HHH000041: Configured SessionFactory: null
DEBUG - Properties: {show_sql=true, java.vendor=Oracle Corporation, localRepository=C:\Users\kylin\.m2\repository, sun.java.launcher=SUN_STANDARD, hibernate.connection.url=jdbc:mysql://192.168.1.57/aifang_dispatcher?useUnicode=true&amp;characterEncoding=UTF-8&amp;zeroDateTimeBehavior=convertToNull, sun.management.compiler=HotSpot Client Compiler, hbm2ddl.auto=update, os.name=Windows 7, sun.boot.class.path=D:\jdk-7u1_jre\lib\resources.jar;D:\jdk-7u1_jre\lib\rt.jar;D:\jdk-7u1_jre\lib\sunrsasign.jar;D:\jdk-7u1_jre\lib\jsse.jar;D:\jdk-7u1_jre\lib\jce.jar;D:\jdk-7u1_jre\lib\charsets.jar;D:\jdk-7u1_jre\classes, hibernate.current_session_context_class=thread, sun.desktop=windows, java.vm.specification.vendor=Oracle Corporation, java.runtime.version=1.7.0_01-b08, hibernate.cache.provider_class=org.hibernate.cache.NoCacheProvider, user.name=kylin, connection.driver_class=com.mysql.jdbc.Driver, current_session_context_class=thread, user.language=zh, sun.boot.library.path=D:\jdk-7u1_jre\bin, dialect=org.hibernate.dialect.MySQLDialect, java.version=1.7.0_01, user.timezone=Asia/Shanghai, sun.arch.data.model=32, java.endorsed.dirs=D:\jdk-7u1_jre\lib\endorsed, sun.cpu.isalist=, sun.jnu.encoding=GBK, file.encoding.pkg=sun.io, file.separator=\, java.specification.name=Java Platform API Specification, java.class.version=51.0, user.country=CN, connection.url=jdbc:mysql://192.168.1.57/aifang_dispatcher?useUnicode=true&amp;characterEncoding=UTF-8&amp;zeroDateTimeBehavior=convertToNull, java.home=D:\jdk-7u1_jre, java.vm.info=mixed mode, sharing, os.version=6.1, surefire.real.class.path=F:\myWEB\dispatcher-master1.1\target\surefire\surefirebooter3760090174502117229.jar, path.separator=;, connection.password=aifang, java.vm.version=21.1-b02, hibernate.connection.password=aifang, user.variant=, java.awt.printerjob=sun.awt.windows.WPrinterJob, sun.io.unicode.encoding=UnicodeLittle, awt.toolkit=sun.awt.windows.WToolkit, hibernate.connection.username=root, user.script=, user.home=C:\Users\kylin, java.specification.vendor=Oracle Corporation, hibernate.hbm2ddl.auto=update, java.library.path=D:\jdk-7u1_jre\bin;C:\Windows\Sun\Java\bin;C:\Windows\system32;C:\Windows;D:\app\kylin\product\11.1.0\db_1\bin;C:\Program Files\AMD APP\bin\x86;C:\Windows\system32;C:\Windows;C:\Windows\System32\Wbem;C:\Windows\System32\WindowsPowerShell\v1.0\;C:\Program Files\ATI Technologies\ATI.ACE\Core-Static;C:\Windows\System32;D:\Android\android-sdk\tools;D:\jdk1.7.0_01\jre\bin;D:\jdk1.7.0_01\bin;D:\Android\android-sdk\platform-tools;D:\MinGW\bin;D:\apache-maven-3.0.4\bin;D:\eclipse-jee-juno\eclipse\plugins\com.sysdeo.eclipse.tomcat_3.3.0;D:\Microsoft Visual Studio\Common\Tools\WinNT;D:\Microsoft Visual Studio\Common\MSDev98\Bin;D:\Microsoft Visual Studio\Common\Tools;D:\Microsoft Visual Studio\VC98\bin;;., java.vendor.url=http://java.oracle.com/, hibernate.connection.driver_class=com.mysql.jdbc.Driver, connection.username=root, java.vm.vendor=Oracle Corporation, hibernate.dialect=org.hibernate.dialect.MySQLDialect, java.runtime.name=Java(TM) SE Runtime Environment, sun.java.command=F:\myWEB\dispatcher-master1.1\target\surefire\surefirebooter3760090174502117229.jar F:\myWEB\dispatcher-master1.1\target\surefire\surefire3738126961216936592tmp F:\myWEB\dispatcher-master1.1\target\surefire\surefire429112560323476040tmp, java.class.path=F:\myWEB\dispatcher-master1.1\target\test-classes;F:\myWEB\dispatcher-master1.1\target\classes;C:\Users\kylin\.m2\repository\junit\junit\3.8.1\junit-3.8.1.jar;C:\Users\kylin\.m2\repository\org\apache\struts\struts2-core\2.2.1\struts2-core-2.2.1.jar;C:\Users\kylin\.m2\repository\org\apache\struts\xwork\xwork-core\2.2.1\xwork-core-2.2.1.jar;C:\Users\kylin\.m2\repository\org\freemarker\freemarker\2.3.16\freemarker-2.3.16.jar;C:\Users\kylin\.m2\repository\ognl\ognl\3.0\ognl-3.0.jar;C:\Users\kylin\.m2\repository\commons-io\commons-io\1.3.2\commons-io-1.3.2.jar;C:\Users\kylin\.m2\repository\org\apache\struts\struts2-sitemesh-plugin\2.2.1\struts2-sitemesh-plugin-2.2.1.jar;C:\Users\kylin\.m2\repository\opensymphony\sitemesh\2.4.2\sitemesh-2.4.2.jar;C:\Users\kylin\.m2\repository\org\apache\struts\struts2-spring-plugin\2.2.1\struts2-spring-plugin-2.2.1.jar;C:\Users\kylin\.m2\repository\org\springframework\spring-beans\2.5.6\spring-beans-2.5.6.jar;C:\Users\kylin\.m2\repository\org\springframework\spring-core\2.5.6\spring-core-2.5.6.jar;C:\Users\kylin\.m2\repository\org\springframework\spring-context\2.5.6\spring-context-2.5.6.jar;C:\Users\kylin\.m2\repository\aopalliance\aopalliance\1.0\aopalliance-1.0.jar;C:\Users\kylin\.m2\repository\org\springframework\spring-web\2.5.6\spring-web-2.5.6.jar;C:\Users\kylin\.m2\repository\javassist\javassist\3.8.0.GA\javassist-3.8.0.GA.jar;C:\Users\kylin\.m2\repository\javax\servlet\servlet-api\2.4\servlet-api-2.4.jar;C:\Users\kylin\.m2\repository\javax\servlet\jsp-api\2.0\jsp-api-2.0.jar;C:\Users\kylin\.m2\repository\commons-fileupload\commons-fileupload\1.1.1\commons-fileupload-1.1.1.jar;C:\Users\kylin\.m2\repository\uk\ltd\getahead\dwr\1.1-beta-3\dwr-1.1-beta-3.jar;C:\Users\kylin\.m2\repository\commons-logging\commons-logging\1.0.4\commons-logging-1.0.4.jar;C:\Users\kylin\.m2\repository\org\mortbay\jetty\servlet-api\2.5.20110712\servlet-api-2.5.20110712.jar;C:\Users\kylin\.m2\repository\com\googlecode\json-simple\json-simple\1.1\json-simple-1.1.jar;C:\Users\kylin\.m2\repository\commons-codec\commons-codec\1.7\commons-codec-1.7.jar;C:\Users\kylin\.m2\repository\log4j\log4j\1.2.17\log4j-1.2.17.jar;C:\Users\kylin\.m2\repository\org\hibernate\hibernate-core\4.1.7.Final\hibernate-core-4.1.7.Final.jar;C:\Users\kylin\.m2\repository\antlr\antlr\2.7.7\antlr-2.7.7.jar;C:\Users\kylin\.m2\repository\org\jboss\logging\jboss-logging\3.1.0.GA\jboss-logging-3.1.0.GA.jar;C:\Users\kylin\.m2\repository\org\jboss\spec\javax\transaction\jboss-transaction-api_1.1_spec\1.0.0.Final\jboss-transaction-api_1.1_spec-1.0.0.Final.jar;C:\Users\kylin\.m2\repository\dom4j\dom4j\1.6.1\dom4j-1.6.1.jar;C:\Users\kylin\.m2\repository\org\hibernate\javax\persistence\hibernate-jpa-2.0-api\1.0.1.Final\hibernate-jpa-2.0-api-1.0.1.Final.jar;C:\Users\kylin\.m2\repository\org\javassist\javassist\3.15.0-GA\javassist-3.15.0-GA.jar;C:\Users\kylin\.m2\repository\org\hibernate\common\hibernate-commons-annotations\4.0.1.Final\hibernate-commons-annotations-4.0.1.Final.jar;C:\Users\kylin\.m2\repository\mysql\mysql-connector-java\5.1.21\mysql-connector-java-5.1.21.jar;C:\Users\kylin\.m2\repository\org\slf4j\slf4j-api\1.6.6\slf4j-api-1.6.6.jar;C:\Users\kylin\.m2\repository\org\slf4j\slf4j-simple\1.6.6\slf4j-simple-1.6.6.jar;C:\Users\kylin\.m2\repository\org\springframework\spring-test\2.5.6\spring-test-2.5.6.jar;, hibernate.bytecode.use_reflection_optimizer=false, java.vm.specification.name=Java Virtual Machine Specification, java.vm.specification.version=1.7, sun.cpu.endian=little, sun.os.patch.level=, surefire.test.class.path=F:\myWEB\dispatcher-master1.1\target\test-classes;F:\myWEB\dispatcher-master1.1\target\classes;C:\Users\kylin\.m2\repository\junit\junit\3.8.1\junit-3.8.1.jar;C:\Users\kylin\.m2\repository\org\apache\struts\struts2-core\2.2.1\struts2-core-2.2.1.jar;C:\Users\kylin\.m2\repository\org\apache\struts\xwork\xwork-core\2.2.1\xwork-core-2.2.1.jar;C:\Users\kylin\.m2\repository\org\freemarker\freemarker\2.3.16\freemarker-2.3.16.jar;C:\Users\kylin\.m2\repository\ognl\ognl\3.0\ognl-3.0.jar;C:\Users\kylin\.m2\repository\commons-io\commons-io\1.3.2\commons-io-1.3.2.jar;C:\Users\kylin\.m2\repository\org\apache\struts\struts2-sitemesh-plugin\2.2.1\struts2-sitemesh-plugin-2.2.1.jar;C:\Users\kylin\.m2\repository\opensymphony\sitemesh\2.4.2\sitemesh-2.4.2.jar;C:\Users\kylin\.m2\repository\org\apache\struts\struts2-spring-plugin\2.2.1\struts2-spring-plugin-2.2.1.jar;C:\Users\kylin\.m2\repository\org\springframework\spring-beans\2.5.6\spring-beans-2.5.6.jar;C:\Users\kylin\.m2\repository\org\springframework\spring-core\2.5.6\spring-core-2.5.6.jar;C:\Users\kylin\.m2\repository\org\springframework\spring-context\2.5.6\spring-context-2.5.6.jar;C:\Users\kylin\.m2\repository\aopalliance\aopalliance\1.0\aopalliance-1.0.jar;C:\Users\kylin\.m2\repository\org\springframework\spring-web\2.5.6\spring-web-2.5.6.jar;C:\Users\kylin\.m2\repository\javassist\javassist\3.8.0.GA\javassist-3.8.0.GA.jar;C:\Users\kylin\.m2\repository\javax\servlet\servlet-api\2.4\servlet-api-2.4.jar;C:\Users\kylin\.m2\repository\javax\servlet\jsp-api\2.0\jsp-api-2.0.jar;C:\Users\kylin\.m2\repository\commons-fileupload\commons-fileupload\1.1.1\commons-fileupload-1.1.1.jar;C:\Users\kylin\.m2\repository\uk\ltd\getahead\dwr\1.1-beta-3\dwr-1.1-beta-3.jar;C:\Users\kylin\.m2\repository\commons-logging\commons-logging\1.0.4\commons-logging-1.0.4.jar;C:\Users\kylin\.m2\repository\org\mortbay\jetty\servlet-api\2.5.20110712\servlet-api-2.5.20110712.jar;C:\Users\kylin\.m2\repository\com\googlecode\json-simple\json-simple\1.1\json-simple-1.1.jar;C:\Users\kylin\.m2\repository\commons-codec\commons-codec\1.7\commons-codec-1.7.jar;C:\Users\kylin\.m2\repository\log4j\log4j\1.2.17\log4j-1.2.17.jar;C:\Users\kylin\.m2\repository\org\hibernate\hibernate-core\4.1.7.Final\hibernate-core-4.1.7.Final.jar;C:\Users\kylin\.m2\repository\antlr\antlr\2.7.7\antlr-2.7.7.jar;C:\Users\kylin\.m2\repository\org\jboss\logging\jboss-logging\3.1.0.GA\jboss-logging-3.1.0.GA.jar;C:\Users\kylin\.m2\repository\org\jboss\spec\javax\transaction\jboss-transaction-api_1.1_spec\1.0.0.Final\jboss-transaction-api_1.1_spec-1.0.0.Final.jar;C:\Users\kylin\.m2\repository\dom4j\dom4j\1.6.1\dom4j-1.6.1.jar;C:\Users\kylin\.m2\repository\org\hibernate\javax\persistence\hibernate-jpa-2.0-api\1.0.1.Final\hibernate-jpa-2.0-api-1.0.1.Final.jar;C:\Users\kylin\.m2\repository\org\javassist\javassist\3.15.0-GA\javassist-3.15.0-GA.jar;C:\Users\kylin\.m2\repository\org\hibernate\common\hibernate-commons-annotations\4.0.1.Final\hibernate-commons-annotations-4.0.1.Final.jar;C:\Users\kylin\.m2\repository\mysql\mysql-connector-java\5.1.21\mysql-connector-java-5.1.21.jar;C:\Users\kylin\.m2\repository\org\slf4j\slf4j-api\1.6.6\slf4j-api-1.6.6.jar;C:\Users\kylin\.m2\repository\org\slf4j\slf4j-simple\1.6.6\slf4j-simple-1.6.6.jar;C:\Users\kylin\.m2\repository\org\springframework\spring-test\2.5.6\spring-test-2.5.6.jar;, connection.pool_size=1, java.io.tmpdir=C:\Users\kylin\AppData\Local\Temp\, java.vendor.url.bug=http://bugreport.sun.com/bugreport/, os.arch=x86, java.awt.graphicsenv=sun.awt.Win32GraphicsEnvironment, java.ext.dirs=D:\jdk-7u1_jre\lib\ext;C:\Windows\Sun\Java\lib\ext, user.dir=F:\myWEB\dispatcher-master1.1, line.separator=
, java.vm.name=Java HotSpot(TM) Client VM, basedir=F:\myWEB\dispatcher-master1.1, cache.provider_class=org.hibernate.cache.NoCacheProvider, file.encoding=GBK, java.specification.version=1.7, hibernate.show_sql=true, hibernate.connection.pool_size=1}
2012-12-19 20:28:51,546 DEBUG [Configuration.java:2075] : Properties: {show_sql=true, java.vendor=Oracle Corporation, localRepository=C:\Users\kylin\.m2\repository, sun.java.launcher=SUN_STANDARD, hibernate.connection.url=jdbc:mysql://192.168.1.57/aifang_dispatcher?useUnicode=true&amp;characterEncoding=UTF-8&amp;zeroDateTimeBehavior=convertToNull, sun.management.compiler=HotSpot Client Compiler, hbm2ddl.auto=update, os.name=Windows 7, sun.boot.class.path=D:\jdk-7u1_jre\lib\resources.jar;D:\jdk-7u1_jre\lib\rt.jar;D:\jdk-7u1_jre\lib\sunrsasign.jar;D:\jdk-7u1_jre\lib\jsse.jar;D:\jdk-7u1_jre\lib\jce.jar;D:\jdk-7u1_jre\lib\charsets.jar;D:\jdk-7u1_jre\classes, hibernate.current_session_context_class=thread, sun.desktop=windows, java.vm.specification.vendor=Oracle Corporation, java.runtime.version=1.7.0_01-b08, hibernate.cache.provider_class=org.hibernate.cache.NoCacheProvider, user.name=kylin, connection.driver_class=com.mysql.jdbc.Driver, current_session_context_class=thread, user.language=zh, sun.boot.library.path=D:\jdk-7u1_jre\bin, dialect=org.hibernate.dialect.MySQLDialect, java.version=1.7.0_01, user.timezone=Asia/Shanghai, sun.arch.data.model=32, java.endorsed.dirs=D:\jdk-7u1_jre\lib\endorsed, sun.cpu.isalist=, sun.jnu.encoding=GBK, file.encoding.pkg=sun.io, file.separator=\, java.specification.name=Java Platform API Specification, java.class.version=51.0, user.country=CN, connection.url=jdbc:mysql://192.168.1.57/aifang_dispatcher?useUnicode=true&amp;characterEncoding=UTF-8&amp;zeroDateTimeBehavior=convertToNull, java.home=D:\jdk-7u1_jre, java.vm.info=mixed mode, sharing, os.version=6.1, surefire.real.class.path=F:\myWEB\dispatcher-master1.1\target\surefire\surefirebooter3760090174502117229.jar, path.separator=;, connection.password=aifang, java.vm.version=21.1-b02, hibernate.connection.password=aifang, user.variant=, java.awt.printerjob=sun.awt.windows.WPrinterJob, sun.io.unicode.encoding=UnicodeLittle, awt.toolkit=sun.awt.windows.WToolkit, hibernate.connection.username=root, user.script=, user.home=C:\Users\kylin, java.specification.vendor=Oracle Corporation, hibernate.hbm2ddl.auto=update, java.library.path=D:\jdk-7u1_jre\bin;C:\Windows\Sun\Java\bin;C:\Windows\system32;C:\Windows;D:\app\kylin\product\11.1.0\db_1\bin;C:\Program Files\AMD APP\bin\x86;C:\Windows\system32;C:\Windows;C:\Windows\System32\Wbem;C:\Windows\System32\WindowsPowerShell\v1.0\;C:\Program Files\ATI Technologies\ATI.ACE\Core-Static;C:\Windows\System32;D:\Android\android-sdk\tools;D:\jdk1.7.0_01\jre\bin;D:\jdk1.7.0_01\bin;D:\Android\android-sdk\platform-tools;D:\MinGW\bin;D:\apache-maven-3.0.4\bin;D:\eclipse-jee-juno\eclipse\plugins\com.sysdeo.eclipse.tomcat_3.3.0;D:\Microsoft Visual Studio\Common\Tools\WinNT;D:\Microsoft Visual Studio\Common\MSDev98\Bin;D:\Microsoft Visual Studio\Common\Tools;D:\Microsoft Visual Studio\VC98\bin;;., java.vendor.url=http://java.oracle.com/, hibernate.connection.driver_class=com.mysql.jdbc.Driver, connection.username=root, java.vm.vendor=Oracle Corporation, hibernate.dialect=org.hibernate.dialect.MySQLDialect, java.runtime.name=Java(TM) SE Runtime Environment, sun.java.command=F:\myWEB\dispatcher-master1.1\target\surefire\surefirebooter3760090174502117229.jar F:\myWEB\dispatcher-master1.1\target\surefire\surefire3738126961216936592tmp F:\myWEB\dispatcher-master1.1\target\surefire\surefire429112560323476040tmp, java.class.path=F:\myWEB\dispatcher-master1.1\target\test-classes;F:\myWEB\dispatcher-master1.1\target\classes;C:\Users\kylin\.m2\repository\junit\junit\3.8.1\junit-3.8.1.jar;C:\Users\kylin\.m2\repository\org\apache\struts\struts2-core\2.2.1\struts2-core-2.2.1.jar;C:\Users\kylin\.m2\repository\org\apache\struts\xwork\xwork-core\2.2.1\xwork-core-2.2.1.jar;C:\Users\kylin\.m2\repository\org\freemarker\freemarker\2.3.16\freemarker-2.3.16.jar;C:\Users\kylin\.m2\repository\ognl\ognl\3.0\ognl-3.0.jar;C:\Users\kylin\.m2\repository\commons-io\commons-io\1.3.2\commons-io-1.3.2.jar;C:\Users\kylin\.m2\repository\org\apache\struts\struts2-sitemesh-plugin\2.2.1\struts2-sitemesh-plugin-2.2.1.jar;C:\Users\kylin\.m2\repository\opensymphony\sit
[...]
	at junit.framework.TestResult.runProtected(TestResult.java:124)
	at junit.framework.TestResult.run(TestResult.java:109)
	at junit.framework.TestCase.run(TestCase.java:118)
	at junit.framework.TestSuite.runTest(TestSuite.java:208)
	at junit.framework.TestSuite.run(TestSuite.java:203)
	at sun.reflect.NativeMethodAccessorImpl.invoke0(Native Method)
	at sun.reflect.NativeMethodAccessorImpl.invoke(Unknown Source)
	at sun.reflect.DelegatingMethodAccessorImpl.invoke(Unknown Source)
	at java.lang.reflect.Method.invoke(Unknown Source)
	at org.apache.maven.surefire.junit.JUnitTestSet.execute(JUnitTestSet.java:207)
	at org.apache.maven.surefire.junit.JUnit3Provider.executeTestSet(JUnit3Provider.java:107)
	at org.apache.maven.surefire.junit.JUnit3Provider.invoke(JUnit3Provider.java:79)
	at sun.reflect.NativeMethodAccessorImpl.invoke0(Native Method)
	at sun.reflect.NativeMethodAccessorImpl.invoke(Unknown Source)
	at sun.reflect.DelegatingMethodAccessorImpl.invoke(Unknown Source)
	at java.lang.reflect.Method.invoke(Unknown Source)
	at org.apache.maven.surefire.booter.ProviderFactory$ClassLoaderProxy.invoke(ProviderFactory.java:103)
	at $Proxy0.invoke(Unknown Source)
	at org.apache.maven.surefire.booter.SurefireStarter.invokeProvider(SurefireStarter.java:145)
	at org.apache.maven.surefire.booter.SurefireStarter.runSuitesInProcess(SurefireStarter.java:87)
	at org.apache.maven.surefire.booter.ForkedBooter.main(ForkedBooter.java:69)
Caused by: java.net.ConnectException: Connection timed out: connect
	at java.net.DualStackPlainSocketImpl.connect0(Native Method)
	at java.net.DualStackPlainSocketImpl.socketConnect(Unknown Source)
	at java.net.AbstractPlainSocketImpl.doConnect(Unknown Source)
	at java.net.AbstractPlainSocketImpl.connectToAddress(Unknown Source)
	at java.net.AbstractPlainSocketImpl.connect(Unknown Source)
	at java.net.PlainSocketImpl.connect(Unknown Source)
	at java.net.SocksSocketImpl.connect(Unknown Source)
	at java.net.Socket.connect(Unknown Source)
	at java.net.Socket.connect(Unknown Source)
	at java.net.Socket.&lt;init&gt;(Unknown Source)
	at java.net.Socket.&lt;init&gt;(Unknown Source)
	at com.mysql.jdbc.StandardSocketFactory.connect(StandardSocketFactory.java:257)
	at com.mysql.jdbc.MysqlIO.&lt;init&gt;(MysqlIO.java:300)
	... 53 more
2012-12-19 20:29:39,122 ERROR [SchemaUpdate.java:245] : HHH000299: Could not complete schema update
com.mysql.jdbc.exceptions.jdbc4.CommunicationsException: Communications link failure

The last packet sent successfully to the server was 0 milliseconds ago. The driver has not received any packets from the server.
	at sun.reflect.NativeConstructorAccessorImpl.newInstance0(Native Method)
	at sun.reflect.NativeConstructorAccessorImpl.newInstance(Unknown Source)
	at sun.reflect.DelegatingConstructorAccessorImpl.newInstance(Unknown Source)
	at java.lang.reflect.Constructor.newInstance(Unknown Source)
	at com.mysql.jdbc.Util.handleNewInstance(Util.java:411)
	at com.mysql.jdbc.SQLError.createCommunicationsException(SQLError.java:1117)
	at com.mysql.jdbc.MysqlIO.&lt;init&gt;(MysqlIO.java:350)
	at com.mysql.jdbc.ConnectionImpl.coreConnect(ConnectionImpl.java:2393)
	at com.mysql.jdbc.ConnectionImpl.connectOneTryOnly(ConnectionImpl.java:2430)
	at com.mysql.jdbc.ConnectionImpl.createNewIO(ConnectionImpl.java:2215)
	at com.mysql.jdbc.ConnectionImpl.&lt;init&gt;(ConnectionImpl.java:813)
	at com.mysql.jdbc.JDBC4Connection.&lt;init&gt;(JDBC4Connection.java:47)
	at sun.reflect.NativeConstructorAccessorImpl.newInstance0(Native Method)
	at sun.reflect.NativeConstructorAccessorImpl.newInstance(Unknown Source)
	at sun.reflect.DelegatingConstructorAccessorImpl.newInstance(Unknown Source)
	at java.lang.reflect.Constructor.newInstance(Unknown Source)
	at com.mysql.jdbc.Util.handleNewInstance(Util.java:411)
	at com.mysql.jdbc.ConnectionImpl.getInstance(ConnectionImpl.java:399)
	at com.mysql.jdbc.NonRegisteringDriver.connect(NonRegisteringDriver.java:334)
	at java.sql.DriverManager.getConnection(Unknown Source)
	at java.sql.DriverManager.getConnection(Unknown Source)
	at org.hibernate.service.jdbc.connections.internal.DriverManagerConnectionProviderImpl.getConnection(DriverManagerConnectionProviderImpl.java:193)
	at org.hibernate.tool.hbm2ddl.SuppliedConnectionProviderConnectionHelper.prepare(SuppliedConnectionProviderConnectionHelper.java:51)
	at org.hibernate.tool.hbm2ddl.SchemaUpdate.execute(SchemaUpdate.java:194)
	at org.hibernate.tool.hbm2ddl.SchemaUpdate.execute(SchemaUpdate.java:178)
	at org.hibernate.internal.SessionFactoryImpl.&lt;init&gt;(SessionFactoryImpl.java:492)
	at org.hibernate.cfg.Configuration.buildSessionFactory(Configuration.java:1750)
	at org.hibernate.cfg.Configuration.buildSessionFactory(Configuration.java:1788)
	at com.aifang.util.HibernateUtil.buildSessionFactory(HibernateUtil.java:12)
	at com.aifang.util.HibernateUtil.&lt;clinit&gt;(HibernateUtil.java:8)
	at com.aifang.model.Users.addUser(Users.java:62)
	at com.aifang.test.user.UsersTest.testAddUser(UsersTest.java:20)
	at sun.reflect.NativeMethodAccessorImpl.invoke0(Native Method)
	at sun.reflect.NativeMethodAccessorImpl.invoke(Unknown Source)
	at sun.reflect.DelegatingMethodAccessorImpl.invoke(Unknown Source)
	at java.lang.reflect.Method.invoke(Unknown Source)
	at junit.framework.TestCase.runTest(TestCase.java:154)
	at junit.framework.TestCase.runBare(TestCase.java:127)
	at junit.framework.TestResult$1.protect(TestResult.java:106)
	at junit.framework.TestResult.runProtected(TestResult.java:124)
	at junit.framework.TestResult.run(TestResult.java:109)
	at junit.framework.TestCase.run(TestCase.java:118)
	at junit.framework.TestSuite.runTest(TestSuite.java:208)
	at junit.framework.TestSuite.run(TestSuite.java:203)
	at sun.reflect.NativeMethodAccessorImpl.invoke0(Native Method)
	at sun.reflect.NativeMethodAccessorImpl.invoke(Unknown Source)
	at sun.reflect.DelegatingMethodAccessorImpl.invoke(Unknown Source)
	at java.lang.reflect.Method.invoke(Unknown Source)
	at org.apache.maven.surefire.junit.JUnitTestSet.execute(JUnitTestSet.java:207)
	at org.apache.maven.surefire.junit.JUnit3Provider.executeTestSet(JUnit3Provider.java:107)
	at org.apache.maven.surefire.junit.JUnit3Provider.invoke(JUnit3Provider.java:79)
	at sun.reflect.NativeMethodAccessorImpl.invoke0(Native Method)
	at sun.reflect.NativeMethodAccessorImpl.invoke(Unknown Source)
	at sun.reflect.DelegatingMethodAccessorImpl.invoke(Unknown Source)
	at java.lang.reflect.Method.invoke(Unknown Source)
	at org.apache.maven.surefire.booter.ProviderFactory$ClassLoaderProxy.invoke(ProviderFactory.java:103)
	at $Proxy0.invoke(Unknown Source)
	at org.apache.maven.surefire.booter.SurefireStarter.invokeProvider(SurefireStarter.java:145)
	at org.apache.maven.surefire.booter.SurefireStarter.runSuitesInProcess(SurefireStarter.java:87)
	at org.apache.maven.surefire.booter.ForkedBooter.main(ForkedBooter.java:69)
Caused by: java.net.ConnectException: Connection timed out: connect
	at java.net.DualStackPlainSocketImpl.connect0(Native Method)
	at java.net.DualStackPlainSocketImpl.socketConnect(Unknown Source)
	at java.net.AbstractPlainSocketImpl.doConnect(Unknown Source)
	at java.net.AbstractPlainSocketImpl.connectToAddress(Unknown Source)
	at java.net.AbstractPlainSocketImpl.connect(Unknown Source)
	at java.net.PlainSocketImpl.connect(Unknown Source)
	at java.net.SocksSocketImpl.connect(Unknown Source)
	at java.net.Socket.connect(Unknown Source)
	at java.net.Socket.connect(Unknown Source)
	at java.net.Socket.&lt;init&gt;(Unknown Source)
	at java.net.Socket.&lt;init&gt;(Unknown Source)
	at com.mysql.jdbc.StandardSocketFactory.connect(StandardSocketFactory.java:257)
	at com.mysql.jdbc.MysqlIO.&lt;init&gt;(MysqlIO.java:300)
	... 53 more
DEBUG - Checking 0 named HQL queries
2012-12-19 20:29:39,181 DEBUG [SessionFactoryImpl.java:1021] : Checking 0 named HQL queries
DEBUG - Checking 0 named SQL queries
2012-12-19 20:29:39,182 DEBUG [SessionFactoryImpl.java:1044] : Checking 0 named SQL queries
DEBUG - Statistics initialized [enabled=false]
2012-12-19 20:29:39,228 DEBUG [StatisticsInitiator.java:110] : Statistics initialized [enabled=false]
DEBUG - Opened session at timestamp: 13559201793
2012-12-19 20:29:39,627 DEBUG [SessionImpl.java:312] : Opened session at timestamp: 13559201793
DEBUG - DebugInfo: [com.aifang.util.LogUtil] - 瀛熸櫤
2012-12-19 20:29:39,655 DEBUG [LogUtil.java:20] : DebugInfo: [com.aifang.util.LogUtil] - 瀛熸櫤
DEBUG - begin
2012-12-19 20:29:39,656 DEBUG [AbstractTransactionImpl.java:158] : begin
DEBUG - Obtaining JDBC connection
2012-12-19 20:29:39,656 DEBUG [LogicalConnectionImpl.java:295] : Obtaining JDBC connection
DEBUG - Opening new JDBC connection
2012-12-19 20:29:39,657 DEBUG [DriverManagerConnectionProviderImpl.java:192] : Opening new JDBC connection
DEBUG - Could not open connection [n/a]
com.mysql.jdbc.exceptions.jdbc4.CommunicationsException: Communications link failure

The last packet sent successfully to the server was 0 milliseconds ago. The driver has not received any packets from the server.
	at sun.reflect.NativeConstructorAccessorImpl.newInstance0(Native Method)
	at sun.reflect.NativeConstructorAccessorImpl.newInstance(Unknown Source)
	at sun.reflect.DelegatingConstructorAccessorImpl.newInstance(Unknown Source)
	at java.lang.reflect.Constructor.newInstance(Unknown Source)
	at com.mysql.jdbc.Util.handleNewInstance(Util.java:411)
	at com.mysql.jdbc.SQLError.createCommunicationsException(SQLError.java:1117)
	at com.mysql.jdbc.MysqlIO.&lt;init&gt;(MysqlIO.java:350)
	at com.mysql.jdbc.ConnectionImpl.coreConnect(ConnectionImpl.java:2393)
	at com.mysql.jdbc.ConnectionImpl.connectOneTryOnly(ConnectionImpl.java:2430)
	at com.mysql.jdbc.ConnectionImpl.createNewIO(ConnectionImpl.java:2215)
	at com.mysql.jdbc.ConnectionImpl.&lt;init&gt;(ConnectionImpl.java:813)
	at com.mysql.jdbc.JDBC4Connection.&lt;init&gt;(JDBC4Connection.java:47)
	at sun.reflect.NativeConstructorAccessorImpl.newInstance0(Native Method)
	at sun.reflect.NativeConstructorAccessorImpl.newInstance(Unknown Source)
	at sun.reflect.DelegatingConstructorAccessorImpl.newInstance(Unknown Source)
	at java.lang.reflect.Constructor.newInstance(Unknown Source)
	at com.mysql.jdbc.Util.handleNewInstance(Util.java:411)
	at com.mysql.jdbc.ConnectionImpl.getInstance(ConnectionImpl.java:399)
	at com.mysql.jdbc.NonRegisteringDriver.connect(NonRegisteringDriver.java:334)
	at java.sql.DriverManager.getConnection(Unknown Source)
	at java.sql.DriverManager.getConnection(Unknown Source)
	at org.hibernate.service.jdbc.connections.internal.DriverManagerConnectionProviderImpl.getConnection(DriverManagerConnectionProviderImpl.java:193)
	at org.hibernate.internal.AbstractSessionImpl$NonContextualJdbcConnectionAccess.obtainConnection(AbstractSessionImpl.java:281)
	at org.hibernate.engine.jdbc.internal.LogicalConnectionImpl.obtainConnection(LogicalConnectionImpl.java:297)
	at org.hibernate.engine.jdbc.internal.LogicalConnectionImpl.getConnection(LogicalConnectionImpl.java:169)
	at org.hibernate.engine.transaction.internal.jdbc.JdbcTransaction.doBegin(JdbcTransaction.java:67)
	at org.hibernate.engine.transaction.spi.AbstractTransactionImpl.begin(AbstractTransactionImpl.java:160)
	at org.hibernate.internal.SessionImpl.beginTransaction(SessionImpl.java:1392)
	at com.aifang.model.Users.addUser(Users.java:65)
	at com.aifang.test.user.UsersTest.testAddUser(UsersTest.java:20)
	at sun.reflect.NativeMethodAccessorImpl.invoke0(Native Method)
	at sun.reflect.NativeMethodAccessorImpl.invoke(Unknown Source)
	at sun.reflect.DelegatingMethodAccessorImpl.invoke(Unknown Source)
	at java.lang.reflect.Method.invoke(Unknown Source)
	at junit.framework.TestCase.runTest(TestCase.java:154)
	at junit.framework.TestCase.runBare(TestCase.java:127)
	at junit.framework.TestResult$1.protect(TestResult.java:106)
	at junit.framework.TestResult.runProtected(TestResult.java:124)
	at junit.framework.TestResult.run(TestResult.java:109)
	at junit.framework.TestCase.run(TestCase.java:118)
	at junit.framework.TestSuite.runTest(TestSuite.java:208)
	at junit.framework.TestSuite.run(TestSuite.java:203)
	at sun.reflect.NativeMethodAccessorImpl.invoke0(Native Method)
	at sun.reflect.NativeMethodAccessorImpl.invoke(Unknown Source)
	at sun.reflect.DelegatingMethodAccessorImpl.invoke(Unknown Source)
	at java.lang.reflect.Method.invoke(Unknown Source)
	at org.apache.maven.surefire.junit.JUnitTestSet.execute(JUnitTestSet.java:207)
	at org.apache.maven.surefire.junit.JUnit3Provider.executeTestSet(JUnit3Provider.java:107)
	at org.apache.maven.surefire.junit.JUnit3Provider.invoke(JUnit3Provider.java:79)
	at sun.reflect.NativeMethodAccessorImpl.invoke0(Native Method)
	at sun.reflect.NativeMethodAccessorImpl.invoke(Unknown Source)
	at sun.reflect.DelegatingMethodAccessorImpl.invoke(Unknown Source)
	at java.lang.reflect.Method.invoke(Unknown Source)
	at org.apache.maven.surefire.booter.ProviderFactory$ClassLoaderProxy.invoke(ProviderFactory.java:103)
	at $Proxy0.invoke(Unknown Source)
	at org.apache.maven.surefire.booter.SurefireStarter.invokeProvider(SurefireStarter.java:145)
	at org.apache.maven.surefire.booter.SurefireStarter.runSuitesInProcess(SurefireStarter.java:87)
	at org.apache.maven.surefire.booter.ForkedBooter.main(ForkedBooter.java:69)
Caused by: java.net.ConnectException: Connection timed out: connect
	at java.net.DualStackPlainSocketImpl.connect0(Native Method)
	at java.net.DualStackPlainSocketImpl.socketConnect(Unknown Source)
	at java.net.AbstractPlainSocketImpl.doConnect(Unknown Source)
	at java.net.AbstractPlainSocketImpl.connectToAddress(Unknown Source)
	at java.net.AbstractPlainSocketImpl.connect(Unknown Source)
	at java.net.PlainSocketImpl.connect(Unknown Source)
	at java.net.SocksSocketImpl.connect(Unknown Source)
	at java.net.Socket.connect(Unknown Source)
	at java.net.Socket.connect(Unknown Source)
	at java.net.Socket.&lt;init&gt;(Unknown Source)
	at java.net.Socket.&lt;init&gt;(Unknown Source)
	at com.mysql.jdbc.StandardSocketFactory.connect(StandardSocketFactory.java:257)
	at com.mysql.jdbc.MysqlIO.&lt;init&gt;(MysqlIO.java:300)
	... 51 more
2012-12-19 20:30:00,714 DEBUG [SqlExceptionHelper.java:139] : Could not open connection [n/a]
com.mysql.jdbc.exceptions.jdbc4.CommunicationsException: Communications link failure

The last packet sent successfully to the server was 0 milliseconds ago. The driver has not received any packets from the server.
	at sun.reflect.NativeConstructorAccessorImpl.newInstance0(Native Method)
	at sun.reflect.NativeConstructorAccessorImpl.newInstance(Unknown Source)
	at sun.reflect.DelegatingConstructorAccessorImpl.newInstance(Unknown Source)
	at java.lang.reflect.Constructor.newInstance(Unknown Source)
	at com.mysql.jdbc.Util.handleNewInstance(Util.java:411)
	at com.mysql.jdbc.SQLError.createCommunicationsException(SQLError.java:1117)
	at com.mysql.jdbc.MysqlIO.&lt;init&gt;(MysqlIO.java:350)
	at com.mysql.jdbc.ConnectionImpl.coreConnect(ConnectionImpl.java:2393)
	at com.mysql.jdbc.ConnectionImpl.connectOneTryOnly(ConnectionImpl.java:2430)
	at com.mysql.jdbc.ConnectionImpl.createNewIO(ConnectionImpl.java:2215)
	at com.mysql.jdbc.ConnectionImpl.&lt;init&gt;(ConnectionImpl.java:813)
	at com.mysql.jdbc.JDBC4Connection.&lt;init&gt;(JDBC4Connection.java:47)
	at sun.reflect.NativeConstructorAccessorImpl.newInstance0(Native Method)
	at sun.reflect.NativeConstructorAccessorImpl.newInstance(Unknown Source)
	at sun.reflect.DelegatingConstructorAccessorImpl.newInstance(Unknown Source)
	at java.lang.reflect.Constructor.newInstance(Unknown Source)
	at com.mysql.jdbc.Util.handleNewInstance(Util.java:411)
	at com.mysql.jdbc.ConnectionImpl.getInstance(ConnectionImpl.java:399)
	at com.mysql.jdbc.NonRegisteringDriver.connect(NonRegisteringDriver.java:334)
	at java.sql.DriverManager.getConnection(Unknown Source)
	at java.sql.DriverManager.getConnection(Unknown Source)
	at org.hibernate.service.jdbc.connections.internal.DriverManagerConnectionProviderImpl.getConnection(DriverManagerConnectionProviderImpl.java:193)
	at org.hibernate.internal.AbstractSessionImpl$NonContextualJdbcConnectionAccess.obtainConnection(AbstractSessionImpl.java:281)
	at org.hibernate.engine.jdbc.internal.LogicalConnectionImpl.obtainConnection(LogicalConnectionImpl.java:297)
	at org.hibernate.engine.jdbc.internal.LogicalConnectionImpl.getConnection(LogicalConnectionImpl.java:169)
	at org.hibernate.engine.transaction.internal.jdbc.JdbcTransaction.doBegin(JdbcTransaction.java:67)
	at org.hibernate.engine.transaction.spi.AbstractTransactionImpl.begin(AbstractTransactionImpl.java:160)
	at org.hibernate.internal.SessionImpl.beginTransaction(SessionImpl.java:1392)
	at com.aifang.model.Users.addUser(Users.java:65)
	at com.aifang.test.user.UsersTest.testAddUser(UsersTest.java:20)
	at sun.reflect.NativeMethodAccessorImpl.invoke0(Native Method)
	at sun.reflect.NativeMethodAccessorImpl.invoke(Unknown Source)
	at sun.reflect.DelegatingMethodAccessorImpl.invoke(Unknown Source)
	at java.lang.reflect.Method.invoke(Unknown Source)
	at junit.framework.TestCase.runTest(TestCase.java:154)
	at junit.framework.TestCase.runBare(TestCase.java:127)
	at junit.framework.TestResult$1.protect(TestResult.java:106)
	at junit.framework.TestResult.runProtected(TestResult.java:124)
	at junit.framework.TestResult.run(TestResult.java:109)
	at junit.framework.TestCase.run(TestCase.java:118)
	at junit.framework.TestSuite.runTest(TestSuite.java:208)
	at junit.framework.TestSuite.run(TestSuite.java:203)
	at sun.reflect.NativeMethodAccessorImpl.invoke0(Native Method)
	at sun.reflect.NativeMethodAccessorImpl.invoke(Unknown Source)
	at sun.reflect.DelegatingMethodAccessorImpl.invoke(Unknown Source)
	at java.lang.reflect.Method.invoke(Unknown Source)
	at org.apache.maven.surefire.junit.JUnitTestSet.execute(JUnitTestSet.java:207)
	at org.apache.maven.surefire.junit.JUnit3Provider.executeTestSet(JUnit3Provider.java:107)
	at org.apache.maven.surefire.junit.JUnit3Provider.invoke(JUnit3Provider.java:79)
	at sun.reflect.NativeMethodAccessorImpl.invoke0(Native Method)
	at sun.reflect.NativeMethodAccessorImpl.invoke(Unknown Source)
	at sun.reflect.DelegatingMethodAccessorImpl.invoke(Unknown Source)
	at java.lang.reflect.Method.invoke(Unknown Source)
	at org.apache.maven.surefire.booter.ProviderFactory$ClassLoaderProxy.invoke(ProviderFactory.java:103)
	at $Proxy0.invoke(Unknown Source)
	at org.apache.maven.surefire.booter.SurefireStarter.invokeProvider(SurefireStarter.java:145)
	at org.apache.maven.surefire.booter.SurefireStarter.runSuitesInProcess(SurefireStarter.java:87)
	at org.apache.maven.surefire.booter.ForkedBooter.main(ForkedBooter.java:69)
Caused by: java.net.ConnectException: Connection timed out: connect
	at java.net.DualStackPlainSocketImpl.connect0(Native Method)
	at java.net.DualStackPlainSocketImpl.socketConnect(Unknown Source)
	at java.net.AbstractPlainSocketImpl.doConnect(Unknown Source)
	at java.net.AbstractPlainSocketImpl.connectToAddress(Unknown Source)
	at java.net.AbstractPlainSocketImpl.connect(Unknown Source)
	at java.net.PlainSocketImpl.connect(Unknown Source)
	at java.net.SocksSocketImpl.connect(Unknown Source)
	at java.net.Socket.connect(Unknown Source)
	at java.net.Socket.connect(Unknown Source)
	at java.net.Socket.&lt;init&gt;(Unknown Source)
	at java.net.Socket.&lt;init&gt;(Unknown Source)
	at com.mysql.jdbc.StandardSocketFactory.connect(StandardSocketFactory.java:257)
	at com.mysql.jdbc.MysqlIO.&lt;init&gt;(MysqlIO.java:300)
	... 51 more
WARN - SQL Error: 0, SQLState: 08S01
2012-12-19 20:30:00,723 WARN  [SqlExceptionHelper.java:143] : SQL Error: 0, SQLState: 08S01
ERROR - Communications link failure

The last packet sent successfully to the server was 0 milliseconds ago. The driver has not received any packets from the server.
2012-12-19 20:30:00,723 ERROR [SqlExceptionHelper.java:144] : Communications link failure

The last packet sent successfully to the server was 0 milliseconds ago. The driver has not received any packets from the server.
</system-out>
  </testcase>
</testsuite>